{"/home/kidadi/Desktop/eugen_projects/e-commerce-platform/backend/controllers/UserController.js": {"path":"/home/kidadi/Desktop/eugen_projects/e-commerce-platform/backend/controllers/UserController.js","statementMap":{"0":{"start":{"line":17,"column":21},"end":{"line":153,"column":1}},"1":{"start":{"line":18,"column":2},"end":{"line":152,"column":3}},"2":{"start":{"line":19,"column":55},"end":{"line":19,"column":63}},"3":{"start":{"line":22,"column":4},"end":{"line":27,"column":5}},"4":{"start":{"line":23,"column":6},"end":{"line":26,"column":9}},"5":{"start":{"line":30,"column":4},"end":{"line":35,"column":5}},"6":{"start":{"line":31,"column":6},"end":{"line":34,"column":9}},"7":{"start":{"line":38,"column":31},"end":{"line":38,"column":57}},"8":{"start":{"line":39,"column":4},"end":{"line":45,"column":5}},"9":{"start":{"line":40,"column":6},"end":{"line":44,"column":9}},"10":{"start":{"line":48,"column":25},"end":{"line":48,"column":54}},"11":{"start":{"line":51,"column":4},"end":{"line":98,"column":5}},"12":{"start":{"line":52,"column":6},"end":{"line":97,"column":7}},"13":{"start":{"line":54,"column":33},"end":{"line":56,"column":20}},"14":{"start":{"line":57,"column":40},"end":{"line":57,"column":77}},"15":{"start":{"line":60,"column":8},"end":{"line":60,"column":57}},"16":{"start":{"line":61,"column":8},"end":{"line":61,"column":71}},"17":{"start":{"line":62,"column":8},"end":{"line":62,"column":46}},"18":{"start":{"line":63,"column":8},"end":{"line":63,"column":33}},"19":{"start":{"line":64,"column":8},"end":{"line":64,"column":64}},"20":{"start":{"line":65,"column":8},"end":{"line":65,"column":34}},"21":{"start":{"line":68,"column":8},"end":{"line":68,"column":67}},"22":{"start":{"line":74,"column":12},"end":{"line":74,"column":29}},"23":{"start":{"line":77,"column":20},"end":{"line":77,"column":30}},"24":{"start":{"line":78,"column":33},"end":{"line":81,"column":9}},"25":{"start":{"line":83,"column":8},"end":{"line":90,"column":11}},"26":{"start":{"line":93,"column":8},"end":{"line":96,"column":11}},"27":{"start":{"line":101,"column":27},"end":{"line":101,"column":58}},"28":{"start":{"line":104,"column":29},"end":{"line":106,"column":16}},"29":{"start":{"line":107,"column":36},"end":{"line":107,"column":73}},"30":{"start":{"line":110,"column":17},"end":{"line":117,"column":6}},"31":{"start":{"line":120,"column":4},"end":{"line":120,"column":63}},"32":{"start":{"line":123,"column":16},"end":{"line":123,"column":26}},"33":{"start":{"line":124,"column":29},"end":{"line":127,"column":5}},"34":{"start":{"line":134,"column":8},"end":{"line":134,"column":17}},"35":{"start":{"line":136,"column":4},"end":{"line":144,"column":7}},"36":{"start":{"line":146,"column":4},"end":{"line":146,"column":42}},"37":{"start":{"line":147,"column":4},"end":{"line":151,"column":7}},"38":{"start":{"line":156,"column":20},"end":{"line":243,"column":1}},"39":{"start":{"line":157,"column":2},"end":{"line":242,"column":3}},"40":{"start":{"line":158,"column":40},"end":{"line":158,"column":48}},"41":{"start":{"line":160,"column":4},"end":{"line":165,"column":5}},"42":{"start":{"line":161,"column":6},"end":{"line":164,"column":9}},"43":{"start":{"line":167,"column":17},"end":{"line":167,"column":46}},"44":{"start":{"line":169,"column":4},"end":{"line":174,"column":5}},"45":{"start":{"line":170,"column":6},"end":{"line":173,"column":9}},"46":{"start":{"line":176,"column":4},"end":{"line":181,"column":5}},"47":{"start":{"line":177,"column":6},"end":{"line":180,"column":9}},"48":{"start":{"line":184,"column":4},"end":{"line":194,"column":5}},"49":{"start":{"line":186,"column":6},"end":{"line":186,"column":37}},"50":{"start":{"line":187,"column":6},"end":{"line":187,"column":24}},"51":{"start":{"line":189,"column":6},"end":{"line":193,"column":9}},"52":{"start":{"line":196,"column":4},"end":{"line":201,"column":5}},"53":{"start":{"line":197,"column":6},"end":{"line":200,"column":9}},"54":{"start":{"line":204,"column":4},"end":{"line":204,"column":27}},"55":{"start":{"line":205,"column":4},"end":{"line":205,"column":33}},"56":{"start":{"line":206,"column":4},"end":{"line":206,"column":40}},"57":{"start":{"line":207,"column":4},"end":{"line":207,"column":34}},"58":{"start":{"line":208,"column":4},"end":{"line":208,"column":22}},"59":{"start":{"line":211,"column":18},"end":{"line":211,"column":37}},"60":{"start":{"line":214,"column":4},"end":{"line":219,"column":7}},"61":{"start":{"line":222,"column":4},"end":{"line":222,"column":54}},"62":{"start":{"line":228,"column":8},"end":{"line":228,"column":17}},"63":{"start":{"line":230,"column":4},"end":{"line":234,"column":7}},"64":{"start":{"line":236,"column":4},"end":{"line":236,"column":46}},"65":{"start":{"line":237,"column":4},"end":{"line":241,"column":7}},"66":{"start":{"line":246,"column":31},"end":{"line":308,"column":1}},"67":{"start":{"line":247,"column":2},"end":{"line":307,"column":3}},"68":{"start":{"line":248,"column":22},"end":{"line":248,"column":30}},"69":{"start":{"line":250,"column":4},"end":{"line":255,"column":5}},"70":{"start":{"line":251,"column":6},"end":{"line":254,"column":9}},"71":{"start":{"line":257,"column":17},"end":{"line":257,"column":46}},"72":{"start":{"line":259,"column":4},"end":{"line":264,"column":5}},"73":{"start":{"line":260,"column":6},"end":{"line":263,"column":9}},"74":{"start":{"line":266,"column":4},"end":{"line":271,"column":5}},"75":{"start":{"line":267,"column":6},"end":{"line":270,"column":9}},"76":{"start":{"line":274,"column":29},"end":{"line":276,"column":16}},"77":{"start":{"line":277,"column":36},"end":{"line":277,"column":73}},"78":{"start":{"line":279,"column":4},"end":{"line":279,"column":45}},"79":{"start":{"line":280,"column":4},"end":{"line":280,"column":59}},"80":{"start":{"line":281,"column":4},"end":{"line":281,"column":34}},"81":{"start":{"line":282,"column":4},"end":{"line":282,"column":22}},"82":{"start":{"line":285,"column":4},"end":{"line":285,"column":68}},"83":{"start":{"line":288,"column":16},"end":{"line":288,"column":26}},"84":{"start":{"line":289,"column":29},"end":{"line":292,"column":5}},"85":{"start":{"line":294,"column":4},"end":{"line":299,"column":7}},"86":{"start":{"line":301,"column":4},"end":{"line":301,"column":53}},"87":{"start":{"line":302,"column":4},"end":{"line":306,"column":7}},"88":{"start":{"line":311,"column":18},"end":{"line":390,"column":1}},"89":{"start":{"line":312,"column":2},"end":{"line":389,"column":3}},"90":{"start":{"line":313,"column":44},"end":{"line":313,"column":52}},"91":{"start":{"line":316,"column":4},"end":{"line":321,"column":5}},"92":{"start":{"line":317,"column":6},"end":{"line":320,"column":9}},"93":{"start":{"line":324,"column":17},"end":{"line":326,"column":5}},"94":{"start":{"line":327,"column":4},"end":{"line":332,"column":5}},"95":{"start":{"line":328,"column":6},"end":{"line":331,"column":9}},"96":{"start":{"line":335,"column":4},"end":{"line":343,"column":5}},"97":{"start":{"line":336,"column":6},"end":{"line":342,"column":9}},"98":{"start":{"line":346,"column":20},"end":{"line":346,"column":65}},"99":{"start":{"line":347,"column":4},"end":{"line":352,"column":5}},"100":{"start":{"line":348,"column":6},"end":{"line":351,"column":9}},"101":{"start":{"line":355,"column":18},"end":{"line":355,"column":49}},"102":{"start":{"line":358,"column":26},"end":{"line":363,"column":5}},"103":{"start":{"line":366,"column":4},"end":{"line":370,"column":5}},"104":{"start":{"line":367,"column":6},"end":{"line":367,"column":54}},"105":{"start":{"line":369,"column":6},"end":{"line":369,"column":49}},"106":{"start":{"line":373,"column":4},"end":{"line":373,"column":46}},"107":{"start":{"line":375,"column":52},"end":{"line":375,"column":61}},"108":{"start":{"line":377,"column":4},"end":{"line":381,"column":7}},"109":{"start":{"line":383,"column":4},"end":{"line":383,"column":39}},"110":{"start":{"line":384,"column":4},"end":{"line":388,"column":7}},"111":{"start":{"line":393,"column":23},"end":{"line":414,"column":1}},"112":{"start":{"line":394,"column":2},"end":{"line":413,"column":3}},"113":{"start":{"line":395,"column":4},"end":{"line":400,"column":5}},"114":{"start":{"line":396,"column":6},"end":{"line":399,"column":9}},"115":{"start":{"line":402,"column":21},"end":{"line":402,"column":29}},"116":{"start":{"line":403,"column":4},"end":{"line":406,"column":7}},"117":{"start":{"line":408,"column":4},"end":{"line":408,"column":51}},"118":{"start":{"line":409,"column":4},"end":{"line":412,"column":7}},"119":{"start":{"line":417,"column":19},"end":{"line":438,"column":1}},"120":{"start":{"line":418,"column":2},"end":{"line":437,"column":3}},"121":{"start":{"line":420,"column":4},"end":{"line":425,"column":7}},"122":{"start":{"line":427,"column":4},"end":{"line":430,"column":7}},"123":{"start":{"line":432,"column":4},"end":{"line":432,"column":40}},"124":{"start":{"line":433,"column":4},"end":{"line":436,"column":7}},"125":{"start":{"line":441,"column":21},"end":{"line":485,"column":1}},"126":{"start":{"line":442,"column":2},"end":{"line":484,"column":3}},"127":{"start":{"line":443,"column":22},"end":{"line":443,"column":30}},"128":{"start":{"line":445,"column":4},"end":{"line":450,"column":5}},"129":{"start":{"line":446,"column":6},"end":{"line":449,"column":9}},"130":{"start":{"line":452,"column":17},"end":{"line":452,"column":46}},"131":{"start":{"line":453,"column":4},"end":{"line":460,"column":5}},"132":{"start":{"line":455,"column":6},"end":{"line":459,"column":9}},"133":{"start":{"line":463,"column":16},"end":{"line":463,"column":67}},"134":{"start":{"line":464,"column":22},"end":{"line":464,"column":59}},"135":{"start":{"line":467,"column":4},"end":{"line":467,"column":46}},"136":{"start":{"line":468,"column":4},"end":{"line":468,"column":58}},"137":{"start":{"line":471,"column":4},"end":{"line":471,"column":46}},"138":{"start":{"line":473,"column":4},"end":{"line":477,"column":7}},"139":{"start":{"line":479,"column":4},"end":{"line":479,"column":47}},"140":{"start":{"line":480,"column":4},"end":{"line":483,"column":7}},"141":{"start":{"line":488,"column":23},"end":{"line":522,"column":1}},"142":{"start":{"line":489,"column":2},"end":{"line":521,"column":3}},"143":{"start":{"line":490,"column":27},"end":{"line":490,"column":35}},"144":{"start":{"line":492,"column":19},"end":{"line":492,"column":62}},"145":{"start":{"line":493,"column":4},"end":{"line":500,"column":5}},"146":{"start":{"line":495,"column":6},"end":{"line":495,"column":43}},"147":{"start":{"line":496,"column":6},"end":{"line":499,"column":9}},"148":{"start":{"line":502,"column":4},"end":{"line":507,"column":5}},"149":{"start":{"line":503,"column":6},"end":{"line":506,"column":9}},"150":{"start":{"line":509,"column":4},"end":{"line":509,"column":31}},"151":{"start":{"line":511,"column":4},"end":{"line":514,"column":7}},"152":{"start":{"line":516,"column":4},"end":{"line":516,"column":49}},"153":{"start":{"line":517,"column":4},"end":{"line":520,"column":7}},"154":{"start":{"line":525,"column":23},"end":{"line":569,"column":1}},"155":{"start":{"line":526,"column":2},"end":{"line":568,"column":3}},"156":{"start":{"line":527,"column":22},"end":{"line":527,"column":30}},"157":{"start":{"line":529,"column":4},"end":{"line":534,"column":5}},"158":{"start":{"line":530,"column":6},"end":{"line":533,"column":9}},"159":{"start":{"line":536,"column":17},"end":{"line":536,"column":46}},"160":{"start":{"line":537,"column":4},"end":{"line":544,"column":5}},"161":{"start":{"line":539,"column":6},"end":{"line":543,"column":9}},"162":{"start":{"line":547,"column":16},"end":{"line":547,"column":67}},"163":{"start":{"line":548,"column":22},"end":{"line":548,"column":59}},"164":{"start":{"line":551,"column":4},"end":{"line":551,"column":46}},"165":{"start":{"line":552,"column":4},"end":{"line":552,"column":58}},"166":{"start":{"line":555,"column":4},"end":{"line":555,"column":46}},"167":{"start":{"line":557,"column":4},"end":{"line":561,"column":7}},"168":{"start":{"line":563,"column":4},"end":{"line":563,"column":49}},"169":{"start":{"line":564,"column":4},"end":{"line":567,"column":7}},"170":{"start":{"line":572,"column":22},"end":{"line":652,"column":1}},"171":{"start":{"line":573,"column":2},"end":{"line":651,"column":3}},"172":{"start":{"line":574,"column":40},"end":{"line":574,"column":48}},"173":{"start":{"line":576,"column":19},"end":{"line":576,"column":62}},"174":{"start":{"line":577,"column":4},"end":{"line":583,"column":5}},"175":{"start":{"line":578,"column":6},"end":{"line":578,"column":43}},"176":{"start":{"line":579,"column":6},"end":{"line":582,"column":9}},"177":{"start":{"line":585,"column":4},"end":{"line":590,"column":5}},"178":{"start":{"line":586,"column":6},"end":{"line":589,"column":9}},"179":{"start":{"line":592,"column":17},"end":{"line":592,"column":46}},"180":{"start":{"line":593,"column":4},"end":{"line":598,"column":5}},"181":{"start":{"line":594,"column":6},"end":{"line":597,"column":9}},"182":{"start":{"line":600,"column":31},"end":{"line":600,"column":60}},"183":{"start":{"line":601,"column":4},"end":{"line":607,"column":5}},"184":{"start":{"line":602,"column":6},"end":{"line":606,"column":9}},"185":{"start":{"line":609,"column":24},"end":{"line":609,"column":72}},"186":{"start":{"line":610,"column":4},"end":{"line":615,"column":5}},"187":{"start":{"line":611,"column":6},"end":{"line":614,"column":9}},"188":{"start":{"line":618,"column":27},"end":{"line":618,"column":61}},"189":{"start":{"line":619,"column":4},"end":{"line":619,"column":35}},"190":{"start":{"line":620,"column":4},"end":{"line":620,"column":22}},"191":{"start":{"line":623,"column":4},"end":{"line":623,"column":46}},"192":{"start":{"line":625,"column":18},"end":{"line":625,"column":37}},"193":{"start":{"line":627,"column":4},"end":{"line":632,"column":7}},"194":{"start":{"line":638,"column":8},"end":{"line":638,"column":17}},"195":{"start":{"line":640,"column":4},"end":{"line":644,"column":7}},"196":{"start":{"line":646,"column":4},"end":{"line":646,"column":48}},"197":{"start":{"line":647,"column":4},"end":{"line":650,"column":7}}},"fnMap":{"0":{"name":"(anonymous_0)","decl":{"start":{"line":17,"column":21},"end":{"line":17,"column":22}},"loc":{"start":{"line":17,"column":41},"end":{"line":153,"column":1}},"line":17},"1":{"name":"(anonymous_1)","decl":{"start":{"line":156,"column":20},"end":{"line":156,"column":21}},"loc":{"start":{"line":156,"column":40},"end":{"line":243,"column":1}},"line":156},"2":{"name":"(anonymous_2)","decl":{"start":{"line":246,"column":31},"end":{"line":246,"column":32}},"loc":{"start":{"line":246,"column":51},"end":{"line":308,"column":1}},"line":246},"3":{"name":"(anonymous_3)","decl":{"start":{"line":311,"column":18},"end":{"line":311,"column":19}},"loc":{"start":{"line":311,"column":38},"end":{"line":390,"column":1}},"line":311},"4":{"name":"(anonymous_4)","decl":{"start":{"line":393,"column":23},"end":{"line":393,"column":24}},"loc":{"start":{"line":393,"column":43},"end":{"line":414,"column":1}},"line":393},"5":{"name":"(anonymous_5)","decl":{"start":{"line":417,"column":19},"end":{"line":417,"column":20}},"loc":{"start":{"line":417,"column":39},"end":{"line":438,"column":1}},"line":417},"6":{"name":"(anonymous_6)","decl":{"start":{"line":441,"column":21},"end":{"line":441,"column":22}},"loc":{"start":{"line":441,"column":41},"end":{"line":485,"column":1}},"line":441},"7":{"name":"(anonymous_7)","decl":{"start":{"line":488,"column":23},"end":{"line":488,"column":24}},"loc":{"start":{"line":488,"column":43},"end":{"line":522,"column":1}},"line":488},"8":{"name":"(anonymous_8)","decl":{"start":{"line":525,"column":23},"end":{"line":525,"column":24}},"loc":{"start":{"line":525,"column":43},"end":{"line":569,"column":1}},"line":525},"9":{"name":"(anonymous_9)","decl":{"start":{"line":572,"column":22},"end":{"line":572,"column":23}},"loc":{"start":{"line":572,"column":42},"end":{"line":652,"column":1}},"line":572}},"branchMap":{"0":{"loc":{"start":{"line":22,"column":4},"end":{"line":27,"column":5}},"type":"if","locations":[{"start":{"line":22,"column":4},"end":{"line":27,"column":5}},{"start":{},"end":{}}],"line":22},"1":{"loc":{"start":{"line":22,"column":8},"end":{"line":22,"column":56}},"type":"binary-expr","locations":[{"start":{"line":22,"column":8},"end":{"line":22,"column":13}},{"start":{"line":22,"column":17},"end":{"line":22,"column":23}},{"start":{"line":22,"column":27},"end":{"line":22,"column":36}},{"start":{"line":22,"column":40},"end":{"line":22,"column":56}}],"line":22},"2":{"loc":{"start":{"line":30,"column":4},"end":{"line":35,"column":5}},"type":"if","locations":[{"start":{"line":30,"column":4},"end":{"line":35,"column":5}},{"start":{},"end":{}}],"line":30},"3":{"loc":{"start":{"line":39,"column":4},"end":{"line":45,"column":5}},"type":"if","locations":[{"start":{"line":39,"column":4},"end":{"line":45,"column":5}},{"start":{},"end":{}}],"line":39},"4":{"loc":{"start":{"line":51,"column":4},"end":{"line":98,"column":5}},"type":"if","locations":[{"start":{"line":51,"column":4},"end":{"line":98,"column":5}},{"start":{},"end":{}}],"line":51},"5":{"loc":{"start":{"line":52,"column":6},"end":{"line":97,"column":7}},"type":"if","locations":[{"start":{"line":52,"column":6},"end":{"line":97,"column":7}},{"start":{"line":91,"column":13},"end":{"line":97,"column":7}}],"line":52},"6":{"loc":{"start":{"line":150,"column":13},"end":{"line":150,"column":79}},"type":"cond-expr","locations":[{"start":{"line":150,"column":54},"end":{"line":150,"column":67}},{"start":{"line":150,"column":70},"end":{"line":150,"column":79}}],"line":150},"7":{"loc":{"start":{"line":160,"column":4},"end":{"line":165,"column":5}},"type":"if","locations":[{"start":{"line":160,"column":4},"end":{"line":165,"column":5}},{"start":{},"end":{}}],"line":160},"8":{"loc":{"start":{"line":160,"column":8},"end":{"line":160,"column":35}},"type":"binary-expr","locations":[{"start":{"line":160,"column":8},"end":{"line":160,"column":14}},{"start":{"line":160,"column":18},"end":{"line":160,"column":35}}],"line":160},"9":{"loc":{"start":{"line":169,"column":4},"end":{"line":174,"column":5}},"type":"if","locations":[{"start":{"line":169,"column":4},"end":{"line":174,"column":5}},{"start":{},"end":{}}],"line":169},"10":{"loc":{"start":{"line":176,"column":4},"end":{"line":181,"column":5}},"type":"if","locations":[{"start":{"line":176,"column":4},"end":{"line":181,"column":5}},{"start":{},"end":{}}],"line":176},"11":{"loc":{"start":{"line":184,"column":4},"end":{"line":194,"column":5}},"type":"if","locations":[{"start":{"line":184,"column":4},"end":{"line":194,"column":5}},{"start":{},"end":{}}],"line":184},"12":{"loc":{"start":{"line":196,"column":4},"end":{"line":201,"column":5}},"type":"if","locations":[{"start":{"line":196,"column":4},"end":{"line":201,"column":5}},{"start":{},"end":{}}],"line":196},"13":{"loc":{"start":{"line":217,"column":16},"end":{"line":217,"column":70}},"type":"cond-expr","locations":[{"start":{"line":217,"column":56},"end":{"line":217,"column":62}},{"start":{"line":217,"column":65},"end":{"line":217,"column":70}}],"line":217},"14":{"loc":{"start":{"line":240,"column":13},"end":{"line":240,"column":79}},"type":"cond-expr","locations":[{"start":{"line":240,"column":54},"end":{"line":240,"column":67}},{"start":{"line":240,"column":70},"end":{"line":240,"column":79}}],"line":240},"15":{"loc":{"start":{"line":250,"column":4},"end":{"line":255,"column":5}},"type":"if","locations":[{"start":{"line":250,"column":4},"end":{"line":255,"column":5}},{"start":{},"end":{}}],"line":250},"16":{"loc":{"start":{"line":259,"column":4},"end":{"line":264,"column":5}},"type":"if","locations":[{"start":{"line":259,"column":4},"end":{"line":264,"column":5}},{"start":{},"end":{}}],"line":259},"17":{"loc":{"start":{"line":266,"column":4},"end":{"line":271,"column":5}},"type":"if","locations":[{"start":{"line":266,"column":4},"end":{"line":271,"column":5}},{"start":{},"end":{}}],"line":266},"18":{"loc":{"start":{"line":305,"column":13},"end":{"line":305,"column":79}},"type":"cond-expr","locations":[{"start":{"line":305,"column":54},"end":{"line":305,"column":67}},{"start":{"line":305,"column":70},"end":{"line":305,"column":79}}],"line":305},"19":{"loc":{"start":{"line":316,"column":4},"end":{"line":321,"column":5}},"type":"if","locations":[{"start":{"line":316,"column":4},"end":{"line":321,"column":5}},{"start":{},"end":{}}],"line":316},"20":{"loc":{"start":{"line":316,"column":8},"end":{"line":316,"column":27}},"type":"binary-expr","locations":[{"start":{"line":316,"column":8},"end":{"line":316,"column":14}},{"start":{"line":316,"column":18},"end":{"line":316,"column":27}}],"line":316},"21":{"loc":{"start":{"line":327,"column":4},"end":{"line":332,"column":5}},"type":"if","locations":[{"start":{"line":327,"column":4},"end":{"line":332,"column":5}},{"start":{},"end":{}}],"line":327},"22":{"loc":{"start":{"line":335,"column":4},"end":{"line":343,"column":5}},"type":"if","locations":[{"start":{"line":335,"column":4},"end":{"line":343,"column":5}},{"start":{},"end":{}}],"line":335},"23":{"loc":{"start":{"line":347,"column":4},"end":{"line":352,"column":5}},"type":"if","locations":[{"start":{"line":347,"column":4},"end":{"line":352,"column":5}},{"start":{},"end":{}}],"line":347},"24":{"loc":{"start":{"line":361,"column":16},"end":{"line":361,"column":70}},"type":"cond-expr","locations":[{"start":{"line":361,"column":56},"end":{"line":361,"column":62}},{"start":{"line":361,"column":65},"end":{"line":361,"column":70}}],"line":361},"25":{"loc":{"start":{"line":366,"column":4},"end":{"line":370,"column":5}},"type":"if","locations":[{"start":{"line":366,"column":4},"end":{"line":370,"column":5}},{"start":{"line":368,"column":11},"end":{"line":370,"column":5}}],"line":366},"26":{"loc":{"start":{"line":387,"column":13},"end":{"line":387,"column":79}},"type":"cond-expr","locations":[{"start":{"line":387,"column":54},"end":{"line":387,"column":67}},{"start":{"line":387,"column":70},"end":{"line":387,"column":79}}],"line":387},"27":{"loc":{"start":{"line":395,"column":4},"end":{"line":400,"column":5}},"type":"if","locations":[{"start":{"line":395,"column":4},"end":{"line":400,"column":5}},{"start":{},"end":{}}],"line":395},"28":{"loc":{"start":{"line":423,"column":16},"end":{"line":423,"column":70}},"type":"cond-expr","locations":[{"start":{"line":423,"column":56},"end":{"line":423,"column":62}},{"start":{"line":423,"column":65},"end":{"line":423,"column":70}}],"line":423},"29":{"loc":{"start":{"line":445,"column":4},"end":{"line":450,"column":5}},"type":"if","locations":[{"start":{"line":445,"column":4},"end":{"line":450,"column":5}},{"start":{},"end":{}}],"line":445},"30":{"loc":{"start":{"line":453,"column":4},"end":{"line":460,"column":5}},"type":"if","locations":[{"start":{"line":453,"column":4},"end":{"line":460,"column":5}},{"start":{},"end":{}}],"line":453},"31":{"loc":{"start":{"line":493,"column":4},"end":{"line":500,"column":5}},"type":"if","locations":[{"start":{"line":493,"column":4},"end":{"line":500,"column":5}},{"start":{},"end":{}}],"line":493},"32":{"loc":{"start":{"line":502,"column":4},"end":{"line":507,"column":5}},"type":"if","locations":[{"start":{"line":502,"column":4},"end":{"line":507,"column":5}},{"start":{},"end":{}}],"line":502},"33":{"loc":{"start":{"line":529,"column":4},"end":{"line":534,"column":5}},"type":"if","locations":[{"start":{"line":529,"column":4},"end":{"line":534,"column":5}},{"start":{},"end":{}}],"line":529},"34":{"loc":{"start":{"line":537,"column":4},"end":{"line":544,"column":5}},"type":"if","locations":[{"start":{"line":537,"column":4},"end":{"line":544,"column":5}},{"start":{},"end":{}}],"line":537},"35":{"loc":{"start":{"line":577,"column":4},"end":{"line":583,"column":5}},"type":"if","locations":[{"start":{"line":577,"column":4},"end":{"line":583,"column":5}},{"start":{},"end":{}}],"line":577},"36":{"loc":{"start":{"line":585,"column":4},"end":{"line":590,"column":5}},"type":"if","locations":[{"start":{"line":585,"column":4},"end":{"line":590,"column":5}},{"start":{},"end":{}}],"line":585},"37":{"loc":{"start":{"line":593,"column":4},"end":{"line":598,"column":5}},"type":"if","locations":[{"start":{"line":593,"column":4},"end":{"line":598,"column":5}},{"start":{},"end":{}}],"line":593},"38":{"loc":{"start":{"line":601,"column":4},"end":{"line":607,"column":5}},"type":"if","locations":[{"start":{"line":601,"column":4},"end":{"line":607,"column":5}},{"start":{},"end":{}}],"line":601},"39":{"loc":{"start":{"line":610,"column":4},"end":{"line":615,"column":5}},"type":"if","locations":[{"start":{"line":610,"column":4},"end":{"line":615,"column":5}},{"start":{},"end":{}}],"line":610},"40":{"loc":{"start":{"line":630,"column":16},"end":{"line":630,"column":70}},"type":"cond-expr","locations":[{"start":{"line":630,"column":56},"end":{"line":630,"column":62}},{"start":{"line":630,"column":65},"end":{"line":630,"column":70}}],"line":630}},"s":{"0":2,"1":2,"2":2,"3":2,"4":1,"5":1,"6":0,"7":1,"8":1,"9":0,"10":1,"11":1,"12":0,"13":0,"14":0,"15":0,"16":0,"17":0,"18":0,"19":0,"20":0,"21":0,"22":0,"23":0,"24":0,"25":0,"26":0,"27":1,"28":1,"29":1,"30":1,"31":1,"32":1,"33":1,"34":1,"35":1,"36":0,"37":0,"38":2,"39":2,"40":2,"41":2,"42":1,"43":1,"44":1,"45":1,"46":0,"47":0,"48":0,"49":0,"50":0,"51":0,"52":0,"53":0,"54":0,"55":0,"56":0,"57":0,"58":0,"59":0,"60":0,"61":0,"62":0,"63":0,"64":0,"65":0,"66":2,"67":0,"68":0,"69":0,"70":0,"71":0,"72":0,"73":0,"74":0,"75":0,"76":0,"77":0,"78":0,"79":0,"80":0,"81":0,"82":0,"83":0,"84":0,"85":0,"86":0,"87":0,"88":2,"89":2,"90":2,"91":2,"92":1,"93":1,"94":1,"95":1,"96":0,"97":0,"98":0,"99":0,"100":0,"101":0,"102":0,"103":0,"104":0,"105":0,"106":0,"107":0,"108":0,"109":0,"110":0,"111":2,"112":1,"113":1,"114":1,"115":0,"116":0,"117":0,"118":0,"119":2,"120":0,"121":0,"122":0,"123":0,"124":0,"125":2,"126":1,"127":1,"128":1,"129":0,"130":1,"131":1,"132":1,"133":0,"134":0,"135":0,"136":0,"137":0,"138":0,"139":0,"140":0,"141":2,"142":1,"143":1,"144":1,"145":1,"146":1,"147":1,"148":0,"149":0,"150":0,"151":0,"152":0,"153":0,"154":2,"155":0,"156":0,"157":0,"158":0,"159":0,"160":0,"161":0,"162":0,"163":0,"164":0,"165":0,"166":0,"167":0,"168":0,"169":0,"170":2,"171":0,"172":0,"173":0,"174":0,"175":0,"176":0,"177":0,"178":0,"179":0,"180":0,"181":0,"182":0,"183":0,"184":0,"185":0,"186":0,"187":0,"188":0,"189":0,"190":0,"191":0,"192":0,"193":0,"194":0,"195":0,"196":0,"197":0},"f":{"0":2,"1":2,"2":0,"3":2,"4":1,"5":0,"6":1,"7":1,"8":0,"9":0},"b":{"0":[1,1],"1":[2,1,1,1],"2":[0,1],"3":[0,1],"4":[0,1],"5":[0,0],"6":[0,0],"7":[1,1],"8":[2,1],"9":[1,0],"10":[0,0],"11":[0,0],"12":[0,0],"13":[0,0],"14":[0,0],"15":[0,0],"16":[0,0],"17":[0,0],"18":[0,0],"19":[1,1],"20":[2,1],"21":[1,0],"22":[0,0],"23":[0,0],"24":[0,0],"25":[0,0],"26":[0,0],"27":[1,0],"28":[0,0],"29":[0,1],"30":[1,0],"31":[1,0],"32":[0,0],"33":[0,0],"34":[0,0],"35":[0,0],"36":[0,0],"37":[0,0],"38":[0,0],"39":[0,0],"40":[0,0]},"_coverageSchema":"1a1c01bbd47fc00a2c39e90264f33305004495a9","hash":"932af6250313ada7cdf3b9a18dd814269bf29416"}
,"/home/kidadi/Desktop/eugen_projects/e-commerce-platform/backend/controllers/categoriesController.js": {"path":"/home/kidadi/Desktop/eugen_projects/e-commerce-platform/backend/controllers/categoriesController.js","statementMap":{"0":{"start":{"line":6,"column":25},"end":{"line":70,"column":1}},"1":{"start":{"line":7,"column":2},"end":{"line":69,"column":3}},"2":{"start":{"line":14,"column":8},"end":{"line":14,"column":17}},"3":{"start":{"line":17,"column":19},"end":{"line":17,"column":86}},"4":{"start":{"line":18,"column":33},"end":{"line":18,"column":101}},"5":{"start":{"line":19,"column":27},"end":{"line":19,"column":83}},"6":{"start":{"line":22,"column":19},"end":{"line":22,"column":21}},"7":{"start":{"line":23,"column":4},"end":{"line":25,"column":5}},"8":{"start":{"line":24,"column":6},"end":{"line":24,"column":25}},"9":{"start":{"line":26,"column":4},"end":{"line":28,"column":5}},"10":{"start":{"line":27,"column":6},"end":{"line":27,"column":51}},"11":{"start":{"line":29,"column":4},"end":{"line":31,"column":5}},"12":{"start":{"line":30,"column":6},"end":{"line":30,"column":39}},"13":{"start":{"line":32,"column":4},"end":{"line":34,"column":5}},"14":{"start":{"line":33,"column":6},"end":{"line":33,"column":31}},"15":{"start":{"line":37,"column":16},"end":{"line":37,"column":37}},"16":{"start":{"line":40,"column":22},"end":{"line":40,"column":24}},"17":{"start":{"line":41,"column":4},"end":{"line":48,"column":5}},"18":{"start":{"line":42,"column":6},"end":{"line":42,"column":25}},"19":{"start":{"line":43,"column":11},"end":{"line":48,"column":5}},"20":{"start":{"line":44,"column":6},"end":{"line":44,"column":35}},"21":{"start":{"line":46,"column":6},"end":{"line":46,"column":26}},"22":{"start":{"line":47,"column":6},"end":{"line":47,"column":30}},"23":{"start":{"line":49,"column":4},"end":{"line":49,"column":34}},"24":{"start":{"line":52,"column":4},"end":{"line":54,"column":5}},"25":{"start":{"line":53,"column":6},"end":{"line":53,"column":43}},"26":{"start":{"line":56,"column":23},"end":{"line":56,"column":34}},"27":{"start":{"line":57,"column":4},"end":{"line":61,"column":7}},"28":{"start":{"line":63,"column":4},"end":{"line":63,"column":54}},"29":{"start":{"line":64,"column":4},"end":{"line":68,"column":7}},"30":{"start":{"line":73,"column":44},"end":{"line":148,"column":1}},"31":{"start":{"line":74,"column":2},"end":{"line":147,"column":3}},"32":{"start":{"line":75,"column":38},"end":{"line":75,"column":48}},"33":{"start":{"line":78,"column":17},"end":{"line":78,"column":46}},"34":{"start":{"line":79,"column":18},"end":{"line":79,"column":49}},"35":{"start":{"line":80,"column":17},"end":{"line":80,"column":35}},"36":{"start":{"line":82,"column":21},"end":{"line":82,"column":51}},"37":{"start":{"line":83,"column":21},"end":{"line":83,"column":51}},"38":{"start":{"line":84,"column":19},"end":{"line":84,"column":50}},"39":{"start":{"line":85,"column":22},"end":{"line":85,"column":60}},"40":{"start":{"line":86,"column":20},"end":{"line":86,"column":48}},"41":{"start":{"line":87,"column":21},"end":{"line":87,"column":50}},"42":{"start":{"line":90,"column":19},"end":{"line":94,"column":5}},"43":{"start":{"line":97,"column":4},"end":{"line":101,"column":5}},"44":{"start":{"line":98,"column":6},"end":{"line":98,"column":24}},"45":{"start":{"line":99,"column":6},"end":{"line":99,"column":57}},"46":{"start":{"line":99,"column":28},"end":{"line":99,"column":57}},"47":{"start":{"line":100,"column":6},"end":{"line":100,"column":57}},"48":{"start":{"line":100,"column":28},"end":{"line":100,"column":57}},"49":{"start":{"line":104,"column":4},"end":{"line":110,"column":5}},"50":{"start":{"line":105,"column":6},"end":{"line":109,"column":8}},"51":{"start":{"line":113,"column":4},"end":{"line":115,"column":5}},"52":{"start":{"line":114,"column":6},"end":{"line":114,"column":31}},"53":{"start":{"line":118,"column":17},"end":{"line":118,"column":19}},"54":{"start":{"line":119,"column":4},"end":{"line":119,"column":29}},"55":{"start":{"line":122,"column":21},"end":{"line":126,"column":32}},"56":{"start":{"line":129,"column":26},"end":{"line":129,"column":62}},"57":{"start":{"line":130,"column":23},"end":{"line":130,"column":55}},"58":{"start":{"line":132,"column":4},"end":{"line":139,"column":7}},"59":{"start":{"line":141,"column":4},"end":{"line":141,"column":74}},"60":{"start":{"line":142,"column":4},"end":{"line":146,"column":7}},"61":{"start":{"line":151,"column":24},"end":{"line":191,"column":1}},"62":{"start":{"line":152,"column":2},"end":{"line":190,"column":3}},"63":{"start":{"line":153,"column":19},"end":{"line":153,"column":29}},"64":{"start":{"line":157,"column":4},"end":{"line":161,"column":5}},"65":{"start":{"line":158,"column":6},"end":{"line":158,"column":45}},"66":{"start":{"line":160,"column":6},"end":{"line":160,"column":66}},"67":{"start":{"line":163,"column":4},"end":{"line":168,"column":5}},"68":{"start":{"line":164,"column":6},"end":{"line":167,"column":9}},"69":{"start":{"line":171,"column":4},"end":{"line":178,"column":5}},"70":{"start":{"line":172,"column":6},"end":{"line":177,"column":7}},"71":{"start":{"line":173,"column":8},"end":{"line":176,"column":11}},"72":{"start":{"line":180,"column":4},"end":{"line":183,"column":7}},"73":{"start":{"line":185,"column":4},"end":{"line":185,"column":54}},"74":{"start":{"line":186,"column":4},"end":{"line":189,"column":7}},"75":{"start":{"line":194,"column":28},"end":{"line":219,"column":1}},"76":{"start":{"line":195,"column":2},"end":{"line":218,"column":3}},"77":{"start":{"line":196,"column":21},"end":{"line":196,"column":31}},"78":{"start":{"line":197,"column":30},"end":{"line":197,"column":39}},"79":{"start":{"line":199,"column":19},"end":{"line":199,"column":47}},"80":{"start":{"line":201,"column":4},"end":{"line":203,"column":5}},"81":{"start":{"line":202,"column":6},"end":{"line":202,"column":42}},"82":{"start":{"line":205,"column":23},"end":{"line":205,"column":78}},"83":{"start":{"line":207,"column":4},"end":{"line":211,"column":7}},"84":{"start":{"line":213,"column":4},"end":{"line":213,"column":58}},"85":{"start":{"line":214,"column":4},"end":{"line":217,"column":7}},"86":{"start":{"line":222,"column":26},"end":{"line":241,"column":1}},"87":{"start":{"line":223,"column":2},"end":{"line":240,"column":3}},"88":{"start":{"line":224,"column":23},"end":{"line":227,"column":25}},"89":{"start":{"line":229,"column":4},"end":{"line":233,"column":7}},"90":{"start":{"line":235,"column":4},"end":{"line":235,"column":55}},"91":{"start":{"line":236,"column":4},"end":{"line":239,"column":7}},"92":{"start":{"line":244,"column":30},"end":{"line":265,"column":1}},"93":{"start":{"line":245,"column":2},"end":{"line":264,"column":3}},"94":{"start":{"line":246,"column":23},"end":{"line":251,"column":15}},"95":{"start":{"line":253,"column":4},"end":{"line":257,"column":7}},"96":{"start":{"line":259,"column":4},"end":{"line":259,"column":59}},"97":{"start":{"line":260,"column":4},"end":{"line":263,"column":7}},"98":{"start":{"line":268,"column":23},"end":{"line":367,"column":1}},"99":{"start":{"line":269,"column":2},"end":{"line":366,"column":3}},"100":{"start":{"line":282,"column":8},"end":{"line":282,"column":16}},"101":{"start":{"line":285,"column":27},"end":{"line":291,"column":5}},"102":{"start":{"line":293,"column":26},"end":{"line":293,"column":28}},"103":{"start":{"line":294,"column":4},"end":{"line":298,"column":7}},"104":{"start":{"line":295,"column":6},"end":{"line":297,"column":7}},"105":{"start":{"line":296,"column":8},"end":{"line":296,"column":38}},"106":{"start":{"line":300,"column":4},"end":{"line":305,"column":5}},"107":{"start":{"line":301,"column":6},"end":{"line":304,"column":9}},"108":{"start":{"line":308,"column":29},"end":{"line":310,"column":6}},"109":{"start":{"line":312,"column":4},"end":{"line":317,"column":5}},"110":{"start":{"line":313,"column":6},"end":{"line":316,"column":9}},"111":{"start":{"line":320,"column":25},"end":{"line":333,"column":5}},"112":{"start":{"line":335,"column":21},"end":{"line":335,"column":56}},"113":{"start":{"line":337,"column":4},"end":{"line":341,"column":7}},"114":{"start":{"line":343,"column":4},"end":{"line":343,"column":51}},"115":{"start":{"line":345,"column":4},"end":{"line":352,"column":5}},"116":{"start":{"line":346,"column":23},"end":{"line":346,"column":76}},"117":{"start":{"line":346,"column":64},"end":{"line":346,"column":75}},"118":{"start":{"line":347,"column":6},"end":{"line":351,"column":9}},"119":{"start":{"line":354,"column":4},"end":{"line":359,"column":5}},"120":{"start":{"line":355,"column":6},"end":{"line":358,"column":9}},"121":{"start":{"line":361,"column":4},"end":{"line":365,"column":7}},"122":{"start":{"line":370,"column":23},"end":{"line":424,"column":1}},"123":{"start":{"line":371,"column":2},"end":{"line":423,"column":3}},"124":{"start":{"line":372,"column":19},"end":{"line":372,"column":29}},"125":{"start":{"line":373,"column":20},"end":{"line":373,"column":28}},"126":{"start":{"line":377,"column":4},"end":{"line":381,"column":5}},"127":{"start":{"line":378,"column":6},"end":{"line":378,"column":45}},"128":{"start":{"line":380,"column":6},"end":{"line":380,"column":66}},"129":{"start":{"line":383,"column":4},"end":{"line":388,"column":5}},"130":{"start":{"line":384,"column":6},"end":{"line":387,"column":9}},"131":{"start":{"line":391,"column":4},"end":{"line":393,"column":5}},"132":{"start":{"line":392,"column":6},"end":{"line":392,"column":24}},"133":{"start":{"line":396,"column":4},"end":{"line":398,"column":7}},"134":{"start":{"line":397,"column":6},"end":{"line":397,"column":35}},"135":{"start":{"line":400,"column":4},"end":{"line":400,"column":26}},"136":{"start":{"line":402,"column":4},"end":{"line":406,"column":7}},"137":{"start":{"line":408,"column":4},"end":{"line":408,"column":51}},"138":{"start":{"line":410,"column":4},"end":{"line":417,"column":5}},"139":{"start":{"line":411,"column":23},"end":{"line":411,"column":76}},"140":{"start":{"line":411,"column":64},"end":{"line":411,"column":75}},"141":{"start":{"line":412,"column":6},"end":{"line":416,"column":9}},"142":{"start":{"line":419,"column":4},"end":{"line":422,"column":7}},"143":{"start":{"line":427,"column":23},"end":{"line":461,"column":1}},"144":{"start":{"line":428,"column":2},"end":{"line":460,"column":3}},"145":{"start":{"line":429,"column":19},"end":{"line":429,"column":29}},"146":{"start":{"line":433,"column":4},"end":{"line":437,"column":5}},"147":{"start":{"line":434,"column":6},"end":{"line":434,"column":45}},"148":{"start":{"line":436,"column":6},"end":{"line":436,"column":66}},"149":{"start":{"line":439,"column":4},"end":{"line":444,"column":5}},"150":{"start":{"line":440,"column":6},"end":{"line":443,"column":9}},"151":{"start":{"line":447,"column":4},"end":{"line":447,"column":30}},"152":{"start":{"line":448,"column":4},"end":{"line":448,"column":26}},"153":{"start":{"line":450,"column":4},"end":{"line":453,"column":7}},"154":{"start":{"line":455,"column":4},"end":{"line":455,"column":51}},"155":{"start":{"line":456,"column":4},"end":{"line":459,"column":7}},"156":{"start":{"line":464,"column":35},"end":{"line":481,"column":1}},"157":{"start":{"line":465,"column":2},"end":{"line":480,"column":3}},"158":{"start":{"line":466,"column":21},"end":{"line":466,"column":56}},"159":{"start":{"line":467,"column":4},"end":{"line":477,"column":5}},"160":{"start":{"line":469,"column":22},"end":{"line":469,"column":68}},"161":{"start":{"line":470,"column":27},"end":{"line":473,"column":8}},"162":{"start":{"line":475,"column":6},"end":{"line":475,"column":44}},"163":{"start":{"line":476,"column":6},"end":{"line":476,"column":28}},"164":{"start":{"line":479,"column":4},"end":{"line":479,"column":65}}},"fnMap":{"0":{"name":"(anonymous_0)","decl":{"start":{"line":6,"column":25},"end":{"line":6,"column":26}},"loc":{"start":{"line":6,"column":45},"end":{"line":70,"column":1}},"line":6},"1":{"name":"(anonymous_1)","decl":{"start":{"line":73,"column":44},"end":{"line":73,"column":45}},"loc":{"start":{"line":73,"column":64},"end":{"line":148,"column":1}},"line":73},"2":{"name":"(anonymous_2)","decl":{"start":{"line":151,"column":24},"end":{"line":151,"column":25}},"loc":{"start":{"line":151,"column":44},"end":{"line":191,"column":1}},"line":151},"3":{"name":"(anonymous_3)","decl":{"start":{"line":194,"column":28},"end":{"line":194,"column":29}},"loc":{"start":{"line":194,"column":48},"end":{"line":219,"column":1}},"line":194},"4":{"name":"(anonymous_4)","decl":{"start":{"line":222,"column":26},"end":{"line":222,"column":27}},"loc":{"start":{"line":222,"column":46},"end":{"line":241,"column":1}},"line":222},"5":{"name":"(anonymous_5)","decl":{"start":{"line":244,"column":30},"end":{"line":244,"column":31}},"loc":{"start":{"line":244,"column":50},"end":{"line":265,"column":1}},"line":244},"6":{"name":"(anonymous_6)","decl":{"start":{"line":268,"column":23},"end":{"line":268,"column":24}},"loc":{"start":{"line":268,"column":43},"end":{"line":367,"column":1}},"line":268},"7":{"name":"(anonymous_7)","decl":{"start":{"line":294,"column":43},"end":{"line":294,"column":44}},"loc":{"start":{"line":294,"column":67},"end":{"line":298,"column":5}},"line":294},"8":{"name":"(anonymous_8)","decl":{"start":{"line":346,"column":55},"end":{"line":346,"column":56}},"loc":{"start":{"line":346,"column":64},"end":{"line":346,"column":75}},"line":346},"9":{"name":"(anonymous_9)","decl":{"start":{"line":370,"column":23},"end":{"line":370,"column":24}},"loc":{"start":{"line":370,"column":43},"end":{"line":424,"column":1}},"line":370},"10":{"name":"(anonymous_10)","decl":{"start":{"line":396,"column":33},"end":{"line":396,"column":34}},"loc":{"start":{"line":396,"column":42},"end":{"line":398,"column":5}},"line":396},"11":{"name":"(anonymous_11)","decl":{"start":{"line":411,"column":55},"end":{"line":411,"column":56}},"loc":{"start":{"line":411,"column":64},"end":{"line":411,"column":75}},"line":411},"12":{"name":"(anonymous_12)","decl":{"start":{"line":427,"column":23},"end":{"line":427,"column":24}},"loc":{"start":{"line":427,"column":43},"end":{"line":461,"column":1}},"line":427},"13":{"name":"(anonymous_13)","decl":{"start":{"line":464,"column":35},"end":{"line":464,"column":36}},"loc":{"start":{"line":464,"column":57},"end":{"line":481,"column":1}},"line":464}},"branchMap":{"0":{"loc":{"start":{"line":12,"column":6},"end":{"line":12,"column":20}},"type":"default-arg","locations":[{"start":{"line":12,"column":13},"end":{"line":12,"column":20}}],"line":12},"1":{"loc":{"start":{"line":17,"column":19},"end":{"line":17,"column":86}},"type":"cond-expr","locations":[{"start":{"line":17,"column":52},"end":{"line":17,"column":79}},{"start":{"line":17,"column":82},"end":{"line":17,"column":86}}],"line":17},"2":{"loc":{"start":{"line":18,"column":33},"end":{"line":18,"column":101}},"type":"cond-expr","locations":[{"start":{"line":18,"column":64},"end":{"line":18,"column":89}},{"start":{"line":18,"column":92},"end":{"line":18,"column":101}}],"line":18},"3":{"loc":{"start":{"line":19,"column":27},"end":{"line":19,"column":83}},"type":"cond-expr","locations":[{"start":{"line":19,"column":52},"end":{"line":19,"column":71}},{"start":{"line":19,"column":74},"end":{"line":19,"column":83}}],"line":19},"4":{"loc":{"start":{"line":23,"column":4},"end":{"line":25,"column":5}},"type":"if","locations":[{"start":{"line":23,"column":4},"end":{"line":25,"column":5}},{"start":{},"end":{}}],"line":23},"5":{"loc":{"start":{"line":26,"column":4},"end":{"line":28,"column":5}},"type":"if","locations":[{"start":{"line":26,"column":4},"end":{"line":28,"column":5}},{"start":{},"end":{}}],"line":26},"6":{"loc":{"start":{"line":29,"column":4},"end":{"line":31,"column":5}},"type":"if","locations":[{"start":{"line":29,"column":4},"end":{"line":31,"column":5}},{"start":{},"end":{}}],"line":29},"7":{"loc":{"start":{"line":32,"column":4},"end":{"line":34,"column":5}},"type":"if","locations":[{"start":{"line":32,"column":4},"end":{"line":34,"column":5}},{"start":{},"end":{}}],"line":32},"8":{"loc":{"start":{"line":41,"column":4},"end":{"line":48,"column":5}},"type":"if","locations":[{"start":{"line":41,"column":4},"end":{"line":48,"column":5}},{"start":{"line":43,"column":11},"end":{"line":48,"column":5}}],"line":41},"9":{"loc":{"start":{"line":43,"column":11},"end":{"line":48,"column":5}},"type":"if","locations":[{"start":{"line":43,"column":11},"end":{"line":48,"column":5}},{"start":{"line":45,"column":11},"end":{"line":48,"column":5}}],"line":43},"10":{"loc":{"start":{"line":52,"column":4},"end":{"line":54,"column":5}},"type":"if","locations":[{"start":{"line":52,"column":4},"end":{"line":54,"column":5}},{"start":{},"end":{}}],"line":52},"11":{"loc":{"start":{"line":67,"column":13},"end":{"line":67,"column":79}},"type":"cond-expr","locations":[{"start":{"line":67,"column":54},"end":{"line":67,"column":67}},{"start":{"line":67,"column":70},"end":{"line":67,"column":79}}],"line":67},"12":{"loc":{"start":{"line":78,"column":17},"end":{"line":78,"column":46}},"type":"binary-expr","locations":[{"start":{"line":78,"column":17},"end":{"line":78,"column":41}},{"start":{"line":78,"column":45},"end":{"line":78,"column":46}}],"line":78},"13":{"loc":{"start":{"line":79,"column":18},"end":{"line":79,"column":49}},"type":"binary-expr","locations":[{"start":{"line":79,"column":18},"end":{"line":79,"column":43}},{"start":{"line":79,"column":47},"end":{"line":79,"column":49}}],"line":79},"14":{"loc":{"start":{"line":84,"column":19},"end":{"line":84,"column":50}},"type":"binary-expr","locations":[{"start":{"line":84,"column":19},"end":{"line":84,"column":35}},{"start":{"line":84,"column":39},"end":{"line":84,"column":50}}],"line":84},"15":{"loc":{"start":{"line":85,"column":22},"end":{"line":85,"column":60}},"type":"cond-expr","locations":[{"start":{"line":85,"column":54},"end":{"line":85,"column":55}},{"start":{"line":85,"column":58},"end":{"line":85,"column":60}}],"line":85},"16":{"loc":{"start":{"line":97,"column":4},"end":{"line":101,"column":5}},"type":"if","locations":[{"start":{"line":97,"column":4},"end":{"line":101,"column":5}},{"start":{},"end":{}}],"line":97},"17":{"loc":{"start":{"line":97,"column":8},"end":{"line":97,"column":44}},"type":"binary-expr","locations":[{"start":{"line":97,"column":8},"end":{"line":97,"column":24}},{"start":{"line":97,"column":28},"end":{"line":97,"column":44}}],"line":97},"18":{"loc":{"start":{"line":99,"column":6},"end":{"line":99,"column":57}},"type":"if","locations":[{"start":{"line":99,"column":6},"end":{"line":99,"column":57}},{"start":{},"end":{}}],"line":99},"19":{"loc":{"start":{"line":100,"column":6},"end":{"line":100,"column":57}},"type":"if","locations":[{"start":{"line":100,"column":6},"end":{"line":100,"column":57}},{"start":{},"end":{}}],"line":100},"20":{"loc":{"start":{"line":104,"column":4},"end":{"line":110,"column":5}},"type":"if","locations":[{"start":{"line":104,"column":4},"end":{"line":110,"column":5}},{"start":{},"end":{}}],"line":104},"21":{"loc":{"start":{"line":113,"column":4},"end":{"line":115,"column":5}},"type":"if","locations":[{"start":{"line":113,"column":4},"end":{"line":115,"column":5}},{"start":{},"end":{}}],"line":113},"22":{"loc":{"start":{"line":145,"column":13},"end":{"line":145,"column":79}},"type":"cond-expr","locations":[{"start":{"line":145,"column":54},"end":{"line":145,"column":67}},{"start":{"line":145,"column":70},"end":{"line":145,"column":79}}],"line":145},"23":{"loc":{"start":{"line":157,"column":4},"end":{"line":161,"column":5}},"type":"if","locations":[{"start":{"line":157,"column":4},"end":{"line":161,"column":5}},{"start":{"line":159,"column":11},"end":{"line":161,"column":5}}],"line":157},"24":{"loc":{"start":{"line":163,"column":4},"end":{"line":168,"column":5}},"type":"if","locations":[{"start":{"line":163,"column":4},"end":{"line":168,"column":5}},{"start":{},"end":{}}],"line":163},"25":{"loc":{"start":{"line":171,"column":4},"end":{"line":178,"column":5}},"type":"if","locations":[{"start":{"line":171,"column":4},"end":{"line":178,"column":5}},{"start":{},"end":{}}],"line":171},"26":{"loc":{"start":{"line":171,"column":8},"end":{"line":171,"column":46}},"type":"binary-expr","locations":[{"start":{"line":171,"column":8},"end":{"line":171,"column":17}},{"start":{"line":171,"column":21},"end":{"line":171,"column":46}}],"line":171},"27":{"loc":{"start":{"line":172,"column":6},"end":{"line":177,"column":7}},"type":"if","locations":[{"start":{"line":172,"column":6},"end":{"line":177,"column":7}},{"start":{},"end":{}}],"line":172},"28":{"loc":{"start":{"line":197,"column":12},"end":{"line":197,"column":25}},"type":"default-arg","locations":[{"start":{"line":197,"column":21},"end":{"line":197,"column":25}}],"line":197},"29":{"loc":{"start":{"line":201,"column":4},"end":{"line":203,"column":5}},"type":"if","locations":[{"start":{"line":201,"column":4},"end":{"line":203,"column":5}},{"start":{},"end":{}}],"line":201},"30":{"loc":{"start":{"line":295,"column":6},"end":{"line":297,"column":7}},"type":"if","locations":[{"start":{"line":295,"column":6},"end":{"line":297,"column":7}},{"start":{},"end":{}}],"line":295},"31":{"loc":{"start":{"line":300,"column":4},"end":{"line":305,"column":5}},"type":"if","locations":[{"start":{"line":300,"column":4},"end":{"line":305,"column":5}},{"start":{},"end":{}}],"line":300},"32":{"loc":{"start":{"line":312,"column":4},"end":{"line":317,"column":5}},"type":"if","locations":[{"start":{"line":312,"column":4},"end":{"line":317,"column":5}},{"start":{},"end":{}}],"line":312},"33":{"loc":{"start":{"line":326,"column":22},"end":{"line":326,"column":45}},"type":"binary-expr","locations":[{"start":{"line":326,"column":22},"end":{"line":326,"column":36}},{"start":{"line":326,"column":40},"end":{"line":326,"column":45}}],"line":326},"34":{"loc":{"start":{"line":327,"column":21},"end":{"line":327,"column":70}},"type":"cond-expr","locations":[{"start":{"line":327,"column":52},"end":{"line":327,"column":65}},{"start":{"line":327,"column":68},"end":{"line":327,"column":70}}],"line":327},"35":{"loc":{"start":{"line":328,"column":19},"end":{"line":328,"column":36}},"type":"binary-expr","locations":[{"start":{"line":328,"column":19},"end":{"line":328,"column":30}},{"start":{"line":328,"column":34},"end":{"line":328,"column":36}}],"line":328},"36":{"loc":{"start":{"line":329,"column":21},"end":{"line":329,"column":39}},"type":"binary-expr","locations":[{"start":{"line":329,"column":21},"end":{"line":329,"column":34}},{"start":{"line":329,"column":38},"end":{"line":329,"column":39}}],"line":329},"37":{"loc":{"start":{"line":330,"column":16},"end":{"line":330,"column":33}},"type":"binary-expr","locations":[{"start":{"line":330,"column":16},"end":{"line":330,"column":24}},{"start":{"line":330,"column":28},"end":{"line":330,"column":33}}],"line":330},"38":{"loc":{"start":{"line":331,"column":13},"end":{"line":331,"column":23}},"type":"binary-expr","locations":[{"start":{"line":331,"column":13},"end":{"line":331,"column":18}},{"start":{"line":331,"column":22},"end":{"line":331,"column":23}}],"line":331},"39":{"loc":{"start":{"line":345,"column":4},"end":{"line":352,"column":5}},"type":"if","locations":[{"start":{"line":345,"column":4},"end":{"line":352,"column":5}},{"start":{},"end":{}}],"line":345},"40":{"loc":{"start":{"line":354,"column":4},"end":{"line":359,"column":5}},"type":"if","locations":[{"start":{"line":354,"column":4},"end":{"line":359,"column":5}},{"start":{},"end":{}}],"line":354},"41":{"loc":{"start":{"line":364,"column":13},"end":{"line":364,"column":79}},"type":"cond-expr","locations":[{"start":{"line":364,"column":54},"end":{"line":364,"column":67}},{"start":{"line":364,"column":70},"end":{"line":364,"column":79}}],"line":364},"42":{"loc":{"start":{"line":377,"column":4},"end":{"line":381,"column":5}},"type":"if","locations":[{"start":{"line":377,"column":4},"end":{"line":381,"column":5}},{"start":{"line":379,"column":11},"end":{"line":381,"column":5}}],"line":377},"43":{"loc":{"start":{"line":383,"column":4},"end":{"line":388,"column":5}},"type":"if","locations":[{"start":{"line":383,"column":4},"end":{"line":388,"column":5}},{"start":{},"end":{}}],"line":383},"44":{"loc":{"start":{"line":391,"column":4},"end":{"line":393,"column":5}},"type":"if","locations":[{"start":{"line":391,"column":4},"end":{"line":393,"column":5}},{"start":{},"end":{}}],"line":391},"45":{"loc":{"start":{"line":410,"column":4},"end":{"line":417,"column":5}},"type":"if","locations":[{"start":{"line":410,"column":4},"end":{"line":417,"column":5}},{"start":{},"end":{}}],"line":410},"46":{"loc":{"start":{"line":433,"column":4},"end":{"line":437,"column":5}},"type":"if","locations":[{"start":{"line":433,"column":4},"end":{"line":437,"column":5}},{"start":{"line":435,"column":11},"end":{"line":437,"column":5}}],"line":433},"47":{"loc":{"start":{"line":439,"column":4},"end":{"line":444,"column":5}},"type":"if","locations":[{"start":{"line":439,"column":4},"end":{"line":444,"column":5}},{"start":{},"end":{}}],"line":439},"48":{"loc":{"start":{"line":467,"column":4},"end":{"line":477,"column":5}},"type":"if","locations":[{"start":{"line":467,"column":4},"end":{"line":477,"column":5}},{"start":{},"end":{}}],"line":467}},"s":{"0":2,"1":2,"2":2,"3":2,"4":2,"5":2,"6":2,"7":2,"8":1,"9":2,"10":0,"11":2,"12":0,"13":2,"14":2,"15":2,"16":2,"17":2,"18":0,"19":2,"20":0,"21":2,"22":2,"23":2,"24":2,"25":0,"26":2,"27":2,"28":0,"29":0,"30":2,"31":0,"32":0,"33":0,"34":0,"35":0,"36":0,"37":0,"38":0,"39":0,"40":0,"41":0,"42":0,"43":0,"44":0,"45":0,"46":0,"47":0,"48":0,"49":0,"50":0,"51":0,"52":0,"53":0,"54":0,"55":0,"56":0,"57":0,"58":0,"59":0,"60":0,"61":2,"62":0,"63":0,"64":0,"65":0,"66":0,"67":0,"68":0,"69":0,"70":0,"71":0,"72":0,"73":0,"74":0,"75":2,"76":1,"77":1,"78":1,"79":1,"80":1,"81":1,"82":1,"83":1,"84":0,"85":0,"86":2,"87":0,"88":0,"89":0,"90":0,"91":0,"92":2,"93":0,"94":0,"95":0,"96":0,"97":0,"98":2,"99":1,"100":1,"101":1,"102":1,"103":1,"104":5,"105":5,"106":1,"107":1,"108":0,"109":0,"110":0,"111":0,"112":0,"113":0,"114":0,"115":0,"116":0,"117":0,"118":0,"119":0,"120":0,"121":0,"122":2,"123":0,"124":0,"125":0,"126":0,"127":0,"128":0,"129":0,"130":0,"131":0,"132":0,"133":0,"134":0,"135":0,"136":0,"137":0,"138":0,"139":0,"140":0,"141":0,"142":0,"143":2,"144":0,"145":0,"146":0,"147":0,"148":0,"149":0,"150":0,"151":0,"152":0,"153":0,"154":0,"155":0,"156":2,"157":0,"158":0,"159":0,"160":0,"161":0,"162":0,"163":0,"164":0},"f":{"0":2,"1":0,"2":0,"3":1,"4":0,"5":0,"6":1,"7":5,"8":0,"9":0,"10":0,"11":0,"12":0,"13":0},"b":{"0":[2],"1":[0,2],"2":[0,2],"3":[0,2],"4":[1,1],"5":[0,2],"6":[0,2],"7":[2,0],"8":[0,2],"9":[0,2],"10":[0,2],"11":[0,0],"12":[0,0],"13":[0,0],"14":[0,0],"15":[0,0],"16":[0,0],"17":[0,0],"18":[0,0],"19":[0,0],"20":[0,0],"21":[0,0],"22":[0,0],"23":[0,0],"24":[0,0],"25":[0,0],"26":[0,0],"27":[0,0],"28":[1],"29":[1,0],"30":[5,0],"31":[1,0],"32":[0,0],"33":[0,0],"34":[0,0],"35":[0,0],"36":[0,0],"37":[0,0],"38":[0,0],"39":[0,0],"40":[0,0],"41":[0,0],"42":[0,0],"43":[0,0],"44":[0,0],"45":[0,0],"46":[0,0],"47":[0,0],"48":[0,0]},"_coverageSchema":"1a1c01bbd47fc00a2c39e90264f33305004495a9","hash":"a3457108b7a7eb034952983f81a13731558b80d9"}
,"/home/kidadi/Desktop/eugen_projects/e-commerce-platform/backend/controllers/emailTemplates.js": {"path":"/home/kidadi/Desktop/eugen_projects/e-commerce-platform/backend/controllers/emailTemplates.js","statementMap":{"0":{"start":{"line":1,"column":41},"end":{"line":254,"column":1}},"1":{"start":{"line":1,"column":55},"end":{"line":254,"column":1}},"2":{"start":{"line":257,"column":48},"end":{"line":337,"column":1}},"3":{"start":{"line":257,"column":89},"end":{"line":337,"column":1}},"4":{"start":{"line":341,"column":43},"end":{"line":435,"column":1}},"5":{"start":{"line":341,"column":71},"end":{"line":435,"column":1}},"6":{"start":{"line":440,"column":43},"end":{"line":758,"column":1}},"7":{"start":{"line":440,"column":58},"end":{"line":758,"column":1}}},"fnMap":{"0":{"name":"(anonymous_0)","decl":{"start":{"line":1,"column":41},"end":{"line":1,"column":42}},"loc":{"start":{"line":1,"column":55},"end":{"line":254,"column":1}},"line":1},"1":{"name":"(anonymous_1)","decl":{"start":{"line":257,"column":48},"end":{"line":257,"column":49}},"loc":{"start":{"line":257,"column":89},"end":{"line":337,"column":1}},"line":257},"2":{"name":"(anonymous_2)","decl":{"start":{"line":341,"column":43},"end":{"line":341,"column":44}},"loc":{"start":{"line":341,"column":71},"end":{"line":435,"column":1}},"line":341},"3":{"name":"(anonymous_3)","decl":{"start":{"line":440,"column":43},"end":{"line":440,"column":44}},"loc":{"start":{"line":440,"column":58},"end":{"line":758,"column":1}},"line":440}},"branchMap":{"0":{"loc":{"start":{"line":262,"column":28},"end":{"line":262,"column":60}},"type":"cond-expr","locations":[{"start":{"line":262,"column":38},"end":{"line":262,"column":47}},{"start":{"line":262,"column":50},"end":{"line":262,"column":60}}],"line":262},"1":{"loc":{"start":{"line":279,"column":30},"end":{"line":279,"column":61}},"type":"cond-expr","locations":[{"start":{"line":279,"column":40},"end":{"line":279,"column":49}},{"start":{"line":279,"column":52},"end":{"line":279,"column":61}}],"line":279},"2":{"loc":{"start":{"line":292,"column":19},"end":{"line":292,"column":50}},"type":"cond-expr","locations":[{"start":{"line":292,"column":29},"end":{"line":292,"column":38}},{"start":{"line":292,"column":41},"end":{"line":292,"column":50}}],"line":292},"3":{"loc":{"start":{"line":304,"column":30},"end":{"line":304,"column":61}},"type":"cond-expr","locations":[{"start":{"line":304,"column":40},"end":{"line":304,"column":49}},{"start":{"line":304,"column":52},"end":{"line":304,"column":61}}],"line":304},"4":{"loc":{"start":{"line":316,"column":34},"end":{"line":316,"column":66}},"type":"cond-expr","locations":[{"start":{"line":316,"column":44},"end":{"line":316,"column":53}},{"start":{"line":316,"column":56},"end":{"line":316,"column":66}}],"line":316},"5":{"loc":{"start":{"line":319,"column":22},"end":{"line":319,"column":40}},"type":"binary-expr","locations":[{"start":{"line":319,"column":22},"end":{"line":319,"column":30}},{"start":{"line":319,"column":34},"end":{"line":319,"column":40}}],"line":319},"6":{"loc":{"start":{"line":321,"column":42},"end":{"line":321,"column":74}},"type":"cond-expr","locations":[{"start":{"line":321,"column":52},"end":{"line":321,"column":61}},{"start":{"line":321,"column":64},"end":{"line":321,"column":74}}],"line":321},"7":{"loc":{"start":{"line":325,"column":12},"end":{"line":327,"column":114}},"type":"cond-expr","locations":[{"start":{"line":326,"column":16},"end":{"line":326,"column":105}},{"start":{"line":327,"column":16},"end":{"line":327,"column":114}}],"line":325}},"s":{"0":3,"1":1,"2":3,"3":2,"4":3,"5":2,"6":3,"7":1},"f":{"0":1,"1":2,"2":2,"3":1},"b":{"0":[1,1],"1":[1,1],"2":[1,1],"3":[1,1],"4":[1,1],"5":[2,0],"6":[1,1],"7":[1,1]},"_coverageSchema":"1a1c01bbd47fc00a2c39e90264f33305004495a9","hash":"7a08967a24f400757df326ef815065b3a5cfa2ad"}
,"/home/kidadi/Desktop/eugen_projects/e-commerce-platform/backend/controllers/limitedOffersController.js": {"path":"/home/kidadi/Desktop/eugen_projects/e-commerce-platform/backend/controllers/limitedOffersController.js","statementMap":{"0":{"start":{"line":8,"column":27},"end":{"line":20,"column":1}},"1":{"start":{"line":9,"column":2},"end":{"line":19,"column":3}},"2":{"start":{"line":10,"column":19},"end":{"line":14,"column":6}},"3":{"start":{"line":15,"column":4},"end":{"line":15,"column":29}},"4":{"start":{"line":17,"column":4},"end":{"line":17,"column":68}},"5":{"start":{"line":18,"column":4},"end":{"line":18,"column":46}},"6":{"start":{"line":23,"column":34},"end":{"line":202,"column":1}},"7":{"start":{"line":24,"column":2},"end":{"line":201,"column":3}},"8":{"start":{"line":47,"column":8},"end":{"line":47,"column":16}},"9":{"start":{"line":50,"column":27},"end":{"line":56,"column":5}},"10":{"start":{"line":58,"column":26},"end":{"line":58,"column":28}},"11":{"start":{"line":59,"column":4},"end":{"line":63,"column":7}},"12":{"start":{"line":60,"column":6},"end":{"line":62,"column":7}},"13":{"start":{"line":61,"column":8},"end":{"line":61,"column":38}},"14":{"start":{"line":65,"column":4},"end":{"line":70,"column":5}},"15":{"start":{"line":66,"column":6},"end":{"line":69,"column":9}},"16":{"start":{"line":73,"column":4},"end":{"line":78,"column":5}},"17":{"start":{"line":74,"column":6},"end":{"line":77,"column":9}},"18":{"start":{"line":81,"column":4},"end":{"line":86,"column":5}},"19":{"start":{"line":82,"column":6},"end":{"line":85,"column":9}},"20":{"start":{"line":88,"column":4},"end":{"line":93,"column":5}},"21":{"start":{"line":89,"column":6},"end":{"line":92,"column":9}},"22":{"start":{"line":96,"column":19},"end":{"line":96,"column":21}},"23":{"start":{"line":97,"column":27},"end":{"line":97,"column":29}},"24":{"start":{"line":99,"column":4},"end":{"line":117,"column":5}},"25":{"start":{"line":101,"column":6},"end":{"line":106,"column":7}},"26":{"start":{"line":102,"column":8},"end":{"line":102,"column":64}},"27":{"start":{"line":103,"column":13},"end":{"line":106,"column":7}},"28":{"start":{"line":105,"column":8},"end":{"line":105,"column":65}},"29":{"start":{"line":109,"column":6},"end":{"line":116,"column":7}},"30":{"start":{"line":110,"column":8},"end":{"line":115,"column":9}},"31":{"start":{"line":110,"column":21},"end":{"line":110,"column":22}},"32":{"start":{"line":112,"column":10},"end":{"line":112,"column":52}},"33":{"start":{"line":112,"column":43},"end":{"line":112,"column":52}},"34":{"start":{"line":113,"column":22},"end":{"line":113,"column":67}},"35":{"start":{"line":114,"column":10},"end":{"line":114,"column":37}},"36":{"start":{"line":119,"column":4},"end":{"line":124,"column":5}},"37":{"start":{"line":120,"column":6},"end":{"line":123,"column":9}},"38":{"start":{"line":127,"column":23},"end":{"line":141,"column":5}},"39":{"start":{"line":128,"column":6},"end":{"line":128,"column":27}},"40":{"start":{"line":128,"column":17},"end":{"line":128,"column":27}},"41":{"start":{"line":130,"column":6},"end":{"line":130,"column":43}},"42":{"start":{"line":130,"column":31},"end":{"line":130,"column":43}},"43":{"start":{"line":132,"column":6},"end":{"line":138,"column":7}},"44":{"start":{"line":133,"column":8},"end":{"line":137,"column":9}},"45":{"start":{"line":134,"column":10},"end":{"line":134,"column":34}},"46":{"start":{"line":136,"column":10},"end":{"line":136,"column":79}},"47":{"start":{"line":136,"column":45},"end":{"line":136,"column":56}},"48":{"start":{"line":136,"column":73},"end":{"line":136,"column":77}},"49":{"start":{"line":140,"column":6},"end":{"line":140,"column":16}},"50":{"start":{"line":144,"column":22},"end":{"line":166,"column":5}},"51":{"start":{"line":169,"column":25},"end":{"line":169,"column":61}},"52":{"start":{"line":171,"column":4},"end":{"line":175,"column":7}},"53":{"start":{"line":178,"column":4},"end":{"line":178,"column":55}},"54":{"start":{"line":180,"column":4},"end":{"line":187,"column":5}},"55":{"start":{"line":181,"column":23},"end":{"line":181,"column":74}},"56":{"start":{"line":181,"column":62},"end":{"line":181,"column":73}},"57":{"start":{"line":182,"column":6},"end":{"line":186,"column":9}},"58":{"start":{"line":189,"column":4},"end":{"line":194,"column":5}},"59":{"start":{"line":190,"column":6},"end":{"line":193,"column":9}},"60":{"start":{"line":196,"column":4},"end":{"line":200,"column":7}},"61":{"start":{"line":205,"column":32},"end":{"line":290,"column":1}},"62":{"start":{"line":206,"column":2},"end":{"line":289,"column":3}},"63":{"start":{"line":216,"column":8},"end":{"line":216,"column":17}},"64":{"start":{"line":219,"column":18},"end":{"line":219,"column":20}},"65":{"start":{"line":222,"column":4},"end":{"line":226,"column":5}},"66":{"start":{"line":223,"column":6},"end":{"line":223,"column":28}},"67":{"start":{"line":224,"column":6},"end":{"line":224,"column":45}},"68":{"start":{"line":225,"column":6},"end":{"line":225,"column":43}},"69":{"start":{"line":229,"column":4},"end":{"line":231,"column":5}},"70":{"start":{"line":230,"column":6},"end":{"line":230,"column":30}},"71":{"start":{"line":234,"column":4},"end":{"line":236,"column":5}},"72":{"start":{"line":235,"column":6},"end":{"line":235,"column":45}},"73":{"start":{"line":239,"column":4},"end":{"line":241,"column":5}},"74":{"start":{"line":240,"column":6},"end":{"line":240,"column":34}},"75":{"start":{"line":244,"column":4},"end":{"line":250,"column":5}},"76":{"start":{"line":245,"column":6},"end":{"line":249,"column":8}},"77":{"start":{"line":253,"column":24},"end":{"line":253,"column":26}},"78":{"start":{"line":254,"column":4},"end":{"line":258,"column":5}},"79":{"start":{"line":255,"column":6},"end":{"line":255,"column":42}},"80":{"start":{"line":257,"column":6},"end":{"line":257,"column":28}},"81":{"start":{"line":261,"column":20},"end":{"line":261,"column":34}},"82":{"start":{"line":262,"column":21},"end":{"line":262,"column":36}},"83":{"start":{"line":263,"column":17},"end":{"line":263,"column":41}},"84":{"start":{"line":265,"column":19},"end":{"line":269,"column":50}},"85":{"start":{"line":271,"column":18},"end":{"line":271,"column":58}},"86":{"start":{"line":273,"column":4},"end":{"line":280,"column":7}},"87":{"start":{"line":283,"column":4},"end":{"line":283,"column":53}},"88":{"start":{"line":284,"column":4},"end":{"line":288,"column":7}},"89":{"start":{"line":293,"column":31},"end":{"line":325,"column":1}},"90":{"start":{"line":294,"column":2},"end":{"line":324,"column":3}},"91":{"start":{"line":295,"column":37},"end":{"line":295,"column":46}},"92":{"start":{"line":297,"column":18},"end":{"line":301,"column":5}},"93":{"start":{"line":303,"column":4},"end":{"line":305,"column":5}},"94":{"start":{"line":304,"column":6},"end":{"line":304,"column":30}},"95":{"start":{"line":307,"column":19},"end":{"line":310,"column":59}},"96":{"start":{"line":312,"column":4},"end":{"line":316,"column":7}},"97":{"start":{"line":319,"column":4},"end":{"line":319,"column":52}},"98":{"start":{"line":320,"column":4},"end":{"line":323,"column":7}},"99":{"start":{"line":328,"column":31},"end":{"line":366,"column":1}},"100":{"start":{"line":329,"column":2},"end":{"line":365,"column":3}},"101":{"start":{"line":330,"column":19},"end":{"line":330,"column":29}},"102":{"start":{"line":332,"column":18},"end":{"line":333,"column":77}},"103":{"start":{"line":335,"column":4},"end":{"line":340,"column":5}},"104":{"start":{"line":336,"column":6},"end":{"line":339,"column":9}},"105":{"start":{"line":343,"column":4},"end":{"line":343,"column":21}},"106":{"start":{"line":344,"column":4},"end":{"line":344,"column":23}},"107":{"start":{"line":346,"column":4},"end":{"line":349,"column":7}},"108":{"start":{"line":352,"column":4},"end":{"line":352,"column":52}},"109":{"start":{"line":354,"column":4},"end":{"line":359,"column":5}},"110":{"start":{"line":355,"column":6},"end":{"line":358,"column":9}},"111":{"start":{"line":361,"column":4},"end":{"line":364,"column":7}},"112":{"start":{"line":369,"column":34},"end":{"line":433,"column":1}},"113":{"start":{"line":370,"column":2},"end":{"line":432,"column":3}},"114":{"start":{"line":371,"column":19},"end":{"line":371,"column":29}},"115":{"start":{"line":374,"column":16},"end":{"line":374,"column":47}},"116":{"start":{"line":376,"column":4},"end":{"line":381,"column":5}},"117":{"start":{"line":377,"column":6},"end":{"line":380,"column":9}},"118":{"start":{"line":384,"column":4},"end":{"line":401,"column":5}},"119":{"start":{"line":385,"column":6},"end":{"line":390,"column":7}},"120":{"start":{"line":386,"column":28},"end":{"line":386,"column":72}},"121":{"start":{"line":387,"column":8},"end":{"line":387,"column":37}},"122":{"start":{"line":389,"column":8},"end":{"line":389,"column":69}},"123":{"start":{"line":392,"column":6},"end":{"line":400,"column":7}},"124":{"start":{"line":393,"column":26},"end":{"line":393,"column":28}},"125":{"start":{"line":394,"column":8},"end":{"line":397,"column":9}},"126":{"start":{"line":395,"column":22},"end":{"line":395,"column":52}},"127":{"start":{"line":396,"column":10},"end":{"line":396,"column":30}},"128":{"start":{"line":399,"column":8},"end":{"line":399,"column":70}},"129":{"start":{"line":404,"column":4},"end":{"line":408,"column":6}},"130":{"start":{"line":410,"column":4},"end":{"line":414,"column":7}},"131":{"start":{"line":417,"column":4},"end":{"line":417,"column":55}},"132":{"start":{"line":419,"column":4},"end":{"line":426,"column":5}},"133":{"start":{"line":420,"column":23},"end":{"line":420,"column":74}},"134":{"start":{"line":420,"column":62},"end":{"line":420,"column":73}},"135":{"start":{"line":421,"column":6},"end":{"line":425,"column":9}},"136":{"start":{"line":428,"column":4},"end":{"line":431,"column":7}},"137":{"start":{"line":436,"column":34},"end":{"line":463,"column":1}},"138":{"start":{"line":437,"column":2},"end":{"line":462,"column":3}},"139":{"start":{"line":438,"column":19},"end":{"line":438,"column":29}},"140":{"start":{"line":440,"column":18},"end":{"line":440,"column":49}},"141":{"start":{"line":442,"column":4},"end":{"line":447,"column":5}},"142":{"start":{"line":443,"column":6},"end":{"line":446,"column":9}},"143":{"start":{"line":449,"column":4},"end":{"line":449,"column":28}},"144":{"start":{"line":451,"column":4},"end":{"line":454,"column":7}},"145":{"start":{"line":457,"column":4},"end":{"line":457,"column":55}},"146":{"start":{"line":458,"column":4},"end":{"line":461,"column":7}},"147":{"start":{"line":466,"column":31},"end":{"line":496,"column":1}},"148":{"start":{"line":467,"column":2},"end":{"line":495,"column":3}},"149":{"start":{"line":468,"column":19},"end":{"line":468,"column":29}},"150":{"start":{"line":470,"column":18},"end":{"line":474,"column":5}},"151":{"start":{"line":476,"column":4},"end":{"line":481,"column":5}},"152":{"start":{"line":477,"column":6},"end":{"line":480,"column":9}},"153":{"start":{"line":483,"column":4},"end":{"line":487,"column":7}},"154":{"start":{"line":490,"column":4},"end":{"line":490,"column":46}},"155":{"start":{"line":491,"column":4},"end":{"line":494,"column":7}},"156":{"start":{"line":499,"column":30},"end":{"line":532,"column":1}},"157":{"start":{"line":500,"column":2},"end":{"line":531,"column":3}},"158":{"start":{"line":501,"column":24},"end":{"line":501,"column":59}},"159":{"start":{"line":502,"column":25},"end":{"line":506,"column":6}},"160":{"start":{"line":507,"column":26},"end":{"line":509,"column":6}},"161":{"start":{"line":510,"column":27},"end":{"line":513,"column":6}},"162":{"start":{"line":515,"column":4},"end":{"line":523,"column":7}},"163":{"start":{"line":526,"column":4},"end":{"line":526,"column":51}},"164":{"start":{"line":527,"column":4},"end":{"line":530,"column":7}}},"fnMap":{"0":{"name":"(anonymous_0)","decl":{"start":{"line":8,"column":27},"end":{"line":8,"column":28}},"loc":{"start":{"line":8,"column":80},"end":{"line":20,"column":1}},"line":8},"1":{"name":"(anonymous_1)","decl":{"start":{"line":23,"column":34},"end":{"line":23,"column":35}},"loc":{"start":{"line":23,"column":54},"end":{"line":202,"column":1}},"line":23},"2":{"name":"(anonymous_2)","decl":{"start":{"line":59,"column":43},"end":{"line":59,"column":44}},"loc":{"start":{"line":59,"column":67},"end":{"line":63,"column":5}},"line":59},"3":{"name":"(anonymous_3)","decl":{"start":{"line":127,"column":23},"end":{"line":127,"column":24}},"loc":{"start":{"line":127,"column":33},"end":{"line":141,"column":5}},"line":127},"4":{"name":"(anonymous_4)","decl":{"start":{"line":136,"column":37},"end":{"line":136,"column":38}},"loc":{"start":{"line":136,"column":45},"end":{"line":136,"column":56}},"line":136},"5":{"name":"(anonymous_5)","decl":{"start":{"line":136,"column":65},"end":{"line":136,"column":66}},"loc":{"start":{"line":136,"column":73},"end":{"line":136,"column":77}},"line":136},"6":{"name":"(anonymous_6)","decl":{"start":{"line":181,"column":55},"end":{"line":181,"column":56}},"loc":{"start":{"line":181,"column":62},"end":{"line":181,"column":73}},"line":181},"7":{"name":"(anonymous_7)","decl":{"start":{"line":205,"column":32},"end":{"line":205,"column":33}},"loc":{"start":{"line":205,"column":52},"end":{"line":290,"column":1}},"line":205},"8":{"name":"(anonymous_8)","decl":{"start":{"line":293,"column":31},"end":{"line":293,"column":32}},"loc":{"start":{"line":293,"column":51},"end":{"line":325,"column":1}},"line":293},"9":{"name":"(anonymous_9)","decl":{"start":{"line":328,"column":31},"end":{"line":328,"column":32}},"loc":{"start":{"line":328,"column":51},"end":{"line":366,"column":1}},"line":328},"10":{"name":"(anonymous_10)","decl":{"start":{"line":369,"column":34},"end":{"line":369,"column":35}},"loc":{"start":{"line":369,"column":54},"end":{"line":433,"column":1}},"line":369},"11":{"name":"(anonymous_11)","decl":{"start":{"line":420,"column":55},"end":{"line":420,"column":56}},"loc":{"start":{"line":420,"column":62},"end":{"line":420,"column":73}},"line":420},"12":{"name":"(anonymous_12)","decl":{"start":{"line":436,"column":34},"end":{"line":436,"column":35}},"loc":{"start":{"line":436,"column":54},"end":{"line":463,"column":1}},"line":436},"13":{"name":"(anonymous_13)","decl":{"start":{"line":466,"column":31},"end":{"line":466,"column":32}},"loc":{"start":{"line":466,"column":51},"end":{"line":496,"column":1}},"line":466},"14":{"name":"(anonymous_14)","decl":{"start":{"line":499,"column":30},"end":{"line":499,"column":31}},"loc":{"start":{"line":499,"column":50},"end":{"line":532,"column":1}},"line":499}},"branchMap":{"0":{"loc":{"start":{"line":8,"column":40},"end":{"line":8,"column":75}},"type":"default-arg","locations":[{"start":{"line":8,"column":49},"end":{"line":8,"column":75}}],"line":8},"1":{"loc":{"start":{"line":17,"column":44},"end":{"line":17,"column":66}},"type":"binary-expr","locations":[{"start":{"line":17,"column":44},"end":{"line":17,"column":57}},{"start":{"line":17,"column":61},"end":{"line":17,"column":66}}],"line":17},"2":{"loc":{"start":{"line":60,"column":6},"end":{"line":62,"column":7}},"type":"if","locations":[{"start":{"line":60,"column":6},"end":{"line":62,"column":7}},{"start":{},"end":{}}],"line":60},"3":{"loc":{"start":{"line":65,"column":4},"end":{"line":70,"column":5}},"type":"if","locations":[{"start":{"line":65,"column":4},"end":{"line":70,"column":5}},{"start":{},"end":{}}],"line":65},"4":{"loc":{"start":{"line":73,"column":4},"end":{"line":78,"column":5}},"type":"if","locations":[{"start":{"line":73,"column":4},"end":{"line":78,"column":5}},{"start":{},"end":{}}],"line":73},"5":{"loc":{"start":{"line":81,"column":4},"end":{"line":86,"column":5}},"type":"if","locations":[{"start":{"line":81,"column":4},"end":{"line":86,"column":5}},{"start":{},"end":{}}],"line":81},"6":{"loc":{"start":{"line":88,"column":4},"end":{"line":93,"column":5}},"type":"if","locations":[{"start":{"line":88,"column":4},"end":{"line":93,"column":5}},{"start":{},"end":{}}],"line":88},"7":{"loc":{"start":{"line":88,"column":8},"end":{"line":88,"column":60}},"type":"binary-expr","locations":[{"start":{"line":88,"column":8},"end":{"line":88,"column":17}},{"start":{"line":88,"column":21},"end":{"line":88,"column":60}}],"line":88},"8":{"loc":{"start":{"line":99,"column":4},"end":{"line":117,"column":5}},"type":"if","locations":[{"start":{"line":99,"column":4},"end":{"line":117,"column":5}},{"start":{},"end":{}}],"line":99},"9":{"loc":{"start":{"line":101,"column":6},"end":{"line":106,"column":7}},"type":"if","locations":[{"start":{"line":101,"column":6},"end":{"line":106,"column":7}},{"start":{"line":103,"column":13},"end":{"line":106,"column":7}}],"line":101},"10":{"loc":{"start":{"line":103,"column":13},"end":{"line":106,"column":7}},"type":"if","locations":[{"start":{"line":103,"column":13},"end":{"line":106,"column":7}},{"start":{},"end":{}}],"line":103},"11":{"loc":{"start":{"line":103,"column":17},"end":{"line":103,"column":56}},"type":"binary-expr","locations":[{"start":{"line":103,"column":17},"end":{"line":103,"column":33}},{"start":{"line":103,"column":37},"end":{"line":103,"column":56}}],"line":103},"12":{"loc":{"start":{"line":109,"column":6},"end":{"line":116,"column":7}},"type":"if","locations":[{"start":{"line":109,"column":6},"end":{"line":116,"column":7}},{"start":{},"end":{}}],"line":109},"13":{"loc":{"start":{"line":112,"column":10},"end":{"line":112,"column":52}},"type":"if","locations":[{"start":{"line":112,"column":10},"end":{"line":112,"column":52}},{"start":{},"end":{}}],"line":112},"14":{"loc":{"start":{"line":112,"column":14},"end":{"line":112,"column":41}},"type":"binary-expr","locations":[{"start":{"line":112,"column":14},"end":{"line":112,"column":21}},{"start":{"line":112,"column":25},"end":{"line":112,"column":41}}],"line":112},"15":{"loc":{"start":{"line":119,"column":4},"end":{"line":124,"column":5}},"type":"if","locations":[{"start":{"line":119,"column":4},"end":{"line":124,"column":5}},{"start":{},"end":{}}],"line":119},"16":{"loc":{"start":{"line":128,"column":6},"end":{"line":128,"column":27}},"type":"if","locations":[{"start":{"line":128,"column":6},"end":{"line":128,"column":27}},{"start":{},"end":{}}],"line":128},"17":{"loc":{"start":{"line":130,"column":6},"end":{"line":130,"column":43}},"type":"if","locations":[{"start":{"line":130,"column":6},"end":{"line":130,"column":43}},{"start":{},"end":{}}],"line":130},"18":{"loc":{"start":{"line":132,"column":6},"end":{"line":138,"column":7}},"type":"if","locations":[{"start":{"line":132,"column":6},"end":{"line":138,"column":7}},{"start":{},"end":{}}],"line":132},"19":{"loc":{"start":{"line":147,"column":24},"end":{"line":147,"column":73}},"type":"binary-expr","locations":[{"start":{"line":147,"column":24},"end":{"line":147,"column":40}},{"start":{"line":147,"column":44},"end":{"line":147,"column":73}}],"line":147},"20":{"loc":{"start":{"line":148,"column":20},"end":{"line":148,"column":48}},"type":"binary-expr","locations":[{"start":{"line":148,"column":20},"end":{"line":148,"column":32}},{"start":{"line":148,"column":36},"end":{"line":148,"column":48}}],"line":148},"21":{"loc":{"start":{"line":149,"column":21},"end":{"line":149,"column":51}},"type":"binary-expr","locations":[{"start":{"line":149,"column":21},"end":{"line":149,"column":46}},{"start":{"line":149,"column":50},"end":{"line":149,"column":51}}],"line":149},"22":{"loc":{"start":{"line":150,"column":19},"end":{"line":150,"column":66}},"type":"cond-expr","locations":[{"start":{"line":150,"column":33},"end":{"line":150,"column":54}},{"start":{"line":150,"column":57},"end":{"line":150,"column":66}}],"line":150},"23":{"loc":{"start":{"line":151,"column":19},"end":{"line":151,"column":66}},"type":"cond-expr","locations":[{"start":{"line":151,"column":33},"end":{"line":151,"column":54}},{"start":{"line":151,"column":57},"end":{"line":151,"column":66}}],"line":151},"24":{"loc":{"start":{"line":156,"column":17},"end":{"line":156,"column":61}},"type":"cond-expr","locations":[{"start":{"line":156,"column":29},"end":{"line":156,"column":48}},{"start":{"line":156,"column":51},"end":{"line":156,"column":61}}],"line":156},"25":{"loc":{"start":{"line":158,"column":18},"end":{"line":158,"column":63}},"type":"cond-expr","locations":[{"start":{"line":158,"column":31},"end":{"line":158,"column":51}},{"start":{"line":158,"column":54},"end":{"line":158,"column":63}}],"line":158},"26":{"loc":{"start":{"line":159,"column":20},"end":{"line":159,"column":69}},"type":"cond-expr","locations":[{"start":{"line":159,"column":35},"end":{"line":159,"column":57}},{"start":{"line":159,"column":60},"end":{"line":159,"column":69}}],"line":159},"27":{"loc":{"start":{"line":162,"column":16},"end":{"line":162,"column":56}},"type":"binary-expr","locations":[{"start":{"line":162,"column":16},"end":{"line":162,"column":35}},{"start":{"line":162,"column":39},"end":{"line":162,"column":56}}],"line":162},"28":{"loc":{"start":{"line":163,"column":18},"end":{"line":163,"column":62}},"type":"binary-expr","locations":[{"start":{"line":163,"column":18},"end":{"line":163,"column":39}},{"start":{"line":163,"column":43},"end":{"line":163,"column":62}}],"line":163},"29":{"loc":{"start":{"line":164,"column":16},"end":{"line":164,"column":49}},"type":"cond-expr","locations":[{"start":{"line":164,"column":27},"end":{"line":164,"column":45}},{"start":{"line":164,"column":48},"end":{"line":164,"column":49}}],"line":164},"30":{"loc":{"start":{"line":165,"column":15},"end":{"line":165,"column":37}},"type":"binary-expr","locations":[{"start":{"line":165,"column":15},"end":{"line":165,"column":24}},{"start":{"line":165,"column":28},"end":{"line":165,"column":37}}],"line":165},"31":{"loc":{"start":{"line":180,"column":4},"end":{"line":187,"column":5}},"type":"if","locations":[{"start":{"line":180,"column":4},"end":{"line":187,"column":5}},{"start":{},"end":{}}],"line":180},"32":{"loc":{"start":{"line":189,"column":4},"end":{"line":194,"column":5}},"type":"if","locations":[{"start":{"line":189,"column":4},"end":{"line":194,"column":5}},{"start":{},
[...]
js": {"path":"/home/kidadi/Desktop/eugen_projects/e-commerce-platform/backend/utils/emailService.js","statementMap":{"0":{"start":{"line":14,"column":2},"end":{"line":40,"column":3}},"1":{"start":{"line":15,"column":20},"end":{"line":23,"column":5}},"2":{"start":{"line":25,"column":21},"end":{"line":34,"column":5}},"3":{"start":{"line":36,"column":4},"end":{"line":36,"column":65}},"4":{"start":{"line":38,"column":4},"end":{"line":38,"column":77}},"5":{"start":{"line":39,"column":4},"end":{"line":39,"column":63}},"6":{"start":{"line":47,"column":2},"end":{"line":51,"column":4}},"7":{"start":{"line":58,"column":2},"end":{"line":62,"column":4}},"8":{"start":{"line":67,"column":2},"end":{"line":71,"column":3}},"9":{"start":{"line":75,"column":28},"end":{"line":81,"column":1}},"10":{"start":{"line":76,"column":2},"end":{"line":80,"column":3}}},"fnMap":{"0":{"name":"sendBrevoEmail","decl":{"start":{"line":13,"column":22},"end":{"line":13,"column":36}},"loc":{"start":{"line":13,"column":63},"end":{"line":41,"column":1}},"line":13},"1":{"name":"accountCreationEmail","decl":{"start":{"line":46,"column":22},"end":{"line":46,"column":42}},"loc":{"start":{"line":46,"column":60},"end":{"line":52,"column":1}},"line":46},"2":{"name":"notification","decl":{"start":{"line":57,"column":22},"end":{"line":57,"column":34}},"loc":{"start":{"line":57,"column":79},"end":{"line":63,"column":1}},"line":57},"3":{"name":"sendVerificationEmail","decl":{"start":{"line":66,"column":22},"end":{"line":66,"column":43}},"loc":{"start":{"line":66,"column":74},"end":{"line":72,"column":1}},"line":66},"4":{"name":"(anonymous_4)","decl":{"start":{"line":75,"column":28},"end":{"line":75,"column":29}},"loc":{"start":{"line":75,"column":56},"end":{"line":81,"column":1}},"line":75}},"branchMap":{"0":{"loc":{"start":{"line":38,"column":38},"end":{"line":38,"column":75}},"type":"binary-expr","locations":[{"start":{"line":38,"column":38},"end":{"line":38,"column":58}},{"start":{"line":38,"column":62},"end":{"line":38,"column":75}}],"line":38},"1":{"loc":{"start":{"line":60,"column":20},"end":{"line":60,"column":52}},"type":"cond-expr","locations":[{"start":{"line":60,"column":30},"end":{"line":60,"column":39}},{"start":{"line":60,"column":42},"end":{"line":60,"column":52}}],"line":60}},"s":{"0":1,"1":1,"2":1,"3":1,"4":0,"5":0,"6":0,"7":0,"8":1,"9":2,"10":0},"f":{"0":1,"1":0,"2":0,"3":1,"4":0},"b":{"0":[0,0],"1":[0,0]},"_coverageSchema":"1a1c01bbd47fc00a2c39e90264f33305004495a9","hash":"d6a493b7bf793498066599b680a388f2f05eee5e"}
,"/home/kidadi/Desktop/eugen_projects/e-commerce-platform/backend/utils/generateToken.js": {"path":"/home/kidadi/Desktop/eugen_projects/e-commerce-platform/backend/utils/generateToken.js","statementMap":{"0":{"start":{"line":4,"column":0},"end":{"line":4,"column":15}},"1":{"start":{"line":6,"column":22},"end":{"line":20,"column":1}},"2":{"start":{"line":8,"column":4},"end":{"line":10,"column":5}},"3":{"start":{"line":9,"column":8},"end":{"line":9,"column":69}},"4":{"start":{"line":12,"column":4},"end":{"line":19,"column":6}}},"fnMap":{"0":{"name":"(anonymous_0)","decl":{"start":{"line":6,"column":22},"end":{"line":6,"column":23}},"loc":{"start":{"line":6,"column":52},"end":{"line":20,"column":1}},"line":6}},"branchMap":{"0":{"loc":{"start":{"line":6,"column":29},"end":{"line":6,"column":47}},"type":"default-arg","locations":[{"start":{"line":6,"column":42},"end":{"line":6,"column":47}}],"line":6},"1":{"loc":{"start":{"line":8,"column":4},"end":{"line":10,"column":5}},"type":"if","locations":[{"start":{"line":8,"column":4},"end":{"line":10,"column":5}},{"start":{},"end":{}}],"line":8},"2":{"loc":{"start":{"line":18,"column":21},"end":{"line":18,"column":46}},"type":"cond-expr","locations":[{"start":{"line":18,"column":34},"end":{"line":18,"column":39}},{"start":{"line":18,"column":42},"end":{"line":18,"column":46}}],"line":18}},"s":{"0":2,"1":2,"2":0,"3":0,"4":0},"f":{"0":0},"b":{"0":[0],"1":[0,0],"2":[0,0]},"_coverageSchema":"1a1c01bbd47fc00a2c39e90264f33305004495a9","hash":"6e5fe9363aa485006e8a757030b18196b2bd6d35"}
,"/home/kidadi/Desktop/eugen_projects/e-commerce-platform/backend/utils/logger.js": {"path":"/home/kidadi/Desktop/eugen_projects/e-commerce-platform/backend/utils/logger.js","statementMap":{"0":{"start":{"line":1,"column":13},"end":{"line":6,"column":1}},"1":{"start":{"line":2,"column":2},"end":{"line":2,"column":19}},"2":{"start":{"line":2,"column":10},"end":{"line":2,"column":19}},"3":{"start":{"line":3,"column":14},"end":{"line":3,"column":23}},"4":{"start":{"line":4,"column":2},"end":{"line":4,"column":37}},"5":{"start":{"line":4,"column":23},"end":{"line":4,"column":37}},"6":{"start":{"line":5,"column":2},"end":{"line":5,"column":49}},"7":{"start":{"line":8,"column":20},"end":{"line":8,"column":105}},"8":{"start":{"line":8,"column":33},"end":{"line":8,"column":105}},"9":{"start":{"line":8,"column":73},"end":{"line":8,"column":102}},"10":{"start":{"line":9,"column":20},"end":{"line":9,"column":106}},"11":{"start":{"line":9,"column":33},"end":{"line":9,"column":106}},"12":{"start":{"line":9,"column":74},"end":{"line":9,"column":103}},"13":{"start":{"line":10,"column":21},"end":{"line":10,"column":109}},"14":{"start":{"line":10,"column":34},"end":{"line":10,"column":109}},"15":{"start":{"line":10,"column":77},"end":{"line":10,"column":106}}},"fnMap":{"0":{"name":"(anonymous_0)","decl":{"start":{"line":1,"column":13},"end":{"line":1,"column":14}},"loc":{"start":{"line":1,"column":20},"end":{"line":6,"column":1}},"line":1},"1":{"name":"(anonymous_1)","decl":{"start":{"line":8,"column":20},"end":{"line":8,"column":21}},"loc":{"start":{"line":8,"column":33},"end":{"line":8,"column":105}},"line":8},"2":{"name":"(anonymous_2)","decl":{"start":{"line":8,"column":67},"end":{"line":8,"column":68}},"loc":{"start":{"line":8,"column":73},"end":{"line":8,"column":102}},"line":8},"3":{"name":"(anonymous_3)","decl":{"start":{"line":9,"column":20},"end":{"line":9,"column":21}},"loc":{"start":{"line":9,"column":33},"end":{"line":9,"column":106}},"line":9},"4":{"name":"(anonymous_4)","decl":{"start":{"line":9,"column":68},"end":{"line":9,"column":69}},"loc":{"start":{"line":9,"column":74},"end":{"line":9,"column":103}},"line":9},"5":{"name":"(anonymous_5)","decl":{"start":{"line":10,"column":21},"end":{"line":10,"column":22}},"loc":{"start":{"line":10,"column":34},"end":{"line":10,"column":109}},"line":10},"6":{"name":"(anonymous_6)","decl":{"start":{"line":10,"column":71},"end":{"line":10,"column":72}},"loc":{"start":{"line":10,"column":77},"end":{"line":10,"column":106}},"line":10}},"branchMap":{"0":{"loc":{"start":{"line":2,"column":2},"end":{"line":2,"column":19}},"type":"if","locations":[{"start":{"line":2,"column":2},"end":{"line":2,"column":19}},{"start":{},"end":{}}],"line":2},"1":{"loc":{"start":{"line":4,"column":2},"end":{"line":4,"column":37}},"type":"if","locations":[{"start":{"line":4,"column":2},"end":{"line":4,"column":37}},{"start":{},"end":{}}],"line":4},"2":{"loc":{"start":{"line":8,"column":73},"end":{"line":8,"column":102}},"type":"cond-expr","locations":[{"start":{"line":8,"column":97},"end":{"line":8,"column":98}},{"start":{"line":8,"column":101},"end":{"line":8,"column":102}}],"line":8},"3":{"loc":{"start":{"line":9,"column":74},"end":{"line":9,"column":103}},"type":"cond-expr","locations":[{"start":{"line":9,"column":98},"end":{"line":9,"column":99}},{"start":{"line":9,"column":102},"end":{"line":9,"column":103}}],"line":9},"4":{"loc":{"start":{"line":10,"column":77},"end":{"line":10,"column":106}},"type":"cond-expr","locations":[{"start":{"line":10,"column":101},"end":{"line":10,"column":102}},{"start":{"line":10,"column":105},"end":{"line":10,"column":106}}],"line":10}},"s":{"0":6,"1":0,"2":0,"3":0,"4":0,"5":0,"6":0,"7":6,"8":3,"9":6,"10":6,"11":2,"12":4,"13":6,"14":1,"15":2},"f":{"0":0,"1":3,"2":6,"3":2,"4":4,"5":1,"6":2},"b":{"0":[0,0],"1":[0,0],"2":[3,3],"3":[2,2],"4":[1,1]},"_coverageSchema":"1a1c01bbd47fc00a2c39e90264f33305004495a9","hash":"c0e341222a50444281d30b0b0cb13f05a0acc79c"}
,"/home/kidadi/Desktop/eugen_projects/e-commerce-platform/backend/utils/mpesa.js": {"path":"/home/kidadi/Desktop/eugen_projects/e-commerce-platform/backend/utils/mpesa.js","statementMap":{"0":{"start":{"line":8,"column":28},"end":{"line":17,"column":1}},"1":{"start":{"line":9,"column":15},"end":{"line":9,"column":25}},"2":{"start":{"line":10,"column":15},"end":{"line":10,"column":33}},"3":{"start":{"line":11,"column":16},"end":{"line":11,"column":60}},"4":{"start":{"line":12,"column":14},"end":{"line":12,"column":53}},"5":{"start":{"line":13,"column":16},"end":{"line":13,"column":56}},"6":{"start":{"line":14,"column":18},"end":{"line":14,"column":60}},"7":{"start":{"line":15,"column":18},"end":{"line":15,"column":60}},"8":{"start":{"line":16,"column":2},"end":{"line":16,"column":61}},"9":{"start":{"line":23,"column":32},"end":{"line":28,"column":1}},"10":{"start":{"line":24,"column":20},"end":{"line":24,"column":34}},"11":{"start":{"line":26,"column":4},"end":{"line":26,"column":71}},"12":{"start":{"line":27,"column":2},"end":{"line":27,"column":45}},"13":{"start":{"line":37,"column":30},"end":{"line":51,"column":1}},"14":{"start":{"line":38,"column":15},"end":{"line":40,"column":22}},"15":{"start":{"line":41,"column":2},"end":{"line":50,"column":3}},"16":{"start":{"line":42,"column":21},"end":{"line":45,"column":5}},"17":{"start":{"line":46,"column":4},"end":{"line":46,"column":29}},"18":{"start":{"line":48,"column":4},"end":{"line":48,"column":82}},"19":{"start":{"line":49,"column":4},"end":{"line":49,"column":42}},"20":{"start":{"line":57,"column":23},"end":{"line":110,"column":1}},"21":{"start":{"line":58,"column":16},"end":{"line":58,"column":38}},"22":{"start":{"line":59,"column":19},"end":{"line":59,"column":37}},"23":{"start":{"line":60,"column":20},"end":{"line":60,"column":34}},"24":{"start":{"line":63,"column":2},"end":{"line":65,"column":3}},"25":{"start":{"line":64,"column":4},"end":{"line":64,"column":51}},"26":{"start":{"line":68,"column":2},"end":{"line":70,"column":3}},"27":{"start":{"line":69,"column":4},"end":{"line":69,"column":68}},"28":{"start":{"line":73,"column":23},"end":{"line":77,"column":17}},"29":{"start":{"line":80,"column":2},"end":{"line":82,"column":3}},"30":{"start":{"line":81,"column":4},"end":{"line":81,"column":58}},"31":{"start":{"line":84,"column":18},"end":{"line":96,"column":3}},"32":{"start":{"line":99,"column":2},"end":{"line":109,"column":3}},"33":{"start":{"line":100,"column":21},"end":{"line":104,"column":5}},"34":{"start":{"line":105,"column":4},"end":{"line":105,"column":16}},"35":{"start":{"line":107,"column":4},"end":{"line":107,"column":75}},"36":{"start":{"line":108,"column":4},"end":{"line":108,"column":47}}},"fnMap":{"0":{"name":"(anonymous_0)","decl":{"start":{"line":8,"column":28},"end":{"line":8,"column":29}},"loc":{"start":{"line":8,"column":34},"end":{"line":17,"column":1}},"line":8},"1":{"name":"(anonymous_1)","decl":{"start":{"line":23,"column":32},"end":{"line":23,"column":33}},"loc":{"start":{"line":23,"column":38},"end":{"line":28,"column":1}},"line":23},"2":{"name":"(anonymous_2)","decl":{"start":{"line":37,"column":30},"end":{"line":37,"column":31}},"loc":{"start":{"line":37,"column":42},"end":{"line":51,"column":1}},"line":37},"3":{"name":"(anonymous_3)","decl":{"start":{"line":57,"column":23},"end":{"line":57,"column":24}},"loc":{"start":{"line":57,"column":67},"end":{"line":110,"column":1}},"line":57}},"branchMap":{"0":{"loc":{"start":{"line":48,"column":47},"end":{"line":48,"column":80}},"type":"binary-expr","locations":[{"start":{"line":48,"column":47},"end":{"line":48,"column":65}},{"start":{"line":48,"column":69},"end":{"line":48,"column":80}}],"line":48},"1":{"loc":{"start":{"line":63,"column":2},"end":{"line":65,"column":3}},"type":"if","locations":[{"start":{"line":63,"column":2},"end":{"line":65,"column":3}},{"start":{},"end":{}}],"line":63},"2":{"loc":{"start":{"line":63,"column":6},"end":{"line":63,"column":51}},"type":"binary-expr","locations":[{"start":{"line":63,"column":6},"end":{"line":63,"column":18}},{"start":{"line":63,"column":22},"end":{"line":63,"column":51}}],"line":63},"3":{"loc":{"start":{"line":68,"column":2},"end":{"line":70,"column":3}},"type":"if","locations":[{"start":{"line":68,"column":2},"end":{"line":70,"column":3}},{"start":{},"end":{}}],"line":68},"4":{"loc":{"start":{"line":68,"column":6},"end":{"line":68,"column":46}},"type":"binary-expr","locations":[{"start":{"line":68,"column":6},"end":{"line":68,"column":13}},{"start":{"line":68,"column":17},"end":{"line":68,"column":27}},{"start":{"line":68,"column":31},"end":{"line":68,"column":46}}],"line":68},"5":{"loc":{"start":{"line":73,"column":23},"end":{"line":77,"column":17}},"type":"cond-expr","locations":[{"start":{"line":74,"column":6},"end":{"line":74,"column":34}},{"start":{"line":75,"column":6},"end":{"line":77,"column":17}}],"line":73},"6":{"loc":{"start":{"line":75,"column":6},"end":{"line":77,"column":17}},"type":"cond-expr","locations":[{"start":{"line":76,"column":6},"end":{"line":76,"column":26}},{"start":{"line":77,"column":6},"end":{"line":77,"column":17}}],"line":75},"7":{"loc":{"start":{"line":80,"column":2},"end":{"line":82,"column":3}},"type":"if","locations":[{"start":{"line":80,"column":2},"end":{"line":82,"column":3}},{"start":{},"end":{}}],"line":80},"8":{"loc":{"start":{"line":107,"column":36},"end":{"line":107,"column":73}},"type":"binary-expr","locations":[{"start":{"line":107,"column":36},"end":{"line":107,"column":56}},{"start":{"line":107,"column":60},"end":{"line":107,"column":73}}],"line":107}},"s":{"0":2,"1":2,"2":2,"3":2,"4":2,"5":2,"6":2,"7":2,"8":2,"9":2,"10":1,"11":1,"12":1,"13":2,"14":0,"15":0,"16":0,"17":0,"18":0,"19":0,"20":2,"21":0,"22":0,"23":0,"24":0,"25":0,"26":0,"27":0,"28":0,"29":0,"30":0,"31":0,"32":0,"33":0,"34":0,"35":0,"36":0},"f":{"0":2,"1":1,"2":0,"3":0},"b":{"0":[0,0],"1":[0,0],"2":[0,0],"3":[0,0],"4":[0,0,0],"5":[0,0],"6":[0,0],"7":[0,0],"8":[0,0]},"_coverageSchema":"1a1c01bbd47fc00a2c39e90264f33305004495a9","hash":"9434556205c6c31c391f46d58ce5e1e0110449c8"}
,"/home/kidadi/Desktop/eugen_projects/e-commerce-platform/backend/utils/removeTempFile.js": {"path":"/home/kidadi/Desktop/eugen_projects/e-commerce-platform/backend/utils/removeTempFile.js","statementMap":{"0":{"start":{"line":2,"column":23},"end":{"line":9,"column":1}},"1":{"start":{"line":3,"column":2},"end":{"line":8,"column":3}},"2":{"start":{"line":4,"column":4},"end":{"line":4,"column":26}},"3":{"start":{"line":7,"column":4},"end":{"line":7,"column":70}}},"fnMap":{"0":{"name":"(anonymous_0)","decl":{"start":{"line":2,"column":23},"end":{"line":2,"column":24}},"loc":{"start":{"line":2,"column":39},"end":{"line":9,"column":1}},"line":2}},"branchMap":{},"s":{"0":0,"1":0,"2":0,"3":0},"f":{"0":0},"b":{}}
,"/home/kidadi/Desktop/eugen_projects/e-commerce-platform/backend/utils/shipping.js": {"path":"/home/kidadi/Desktop/eugen_projects/e-commerce-platform/backend/utils/shipping.js","statementMap":{"0":{"start":{"line":2,"column":30},"end":{"line":61,"column":1}},"1":{"start":{"line":63,"column":18},"end":{"line":66,"column":1}},"2":{"start":{"line":64,"column":2},"end":{"line":64,"column":22}},"3":{"start":{"line":64,"column":12},"end":{"line":64,"column":22}},"4":{"start":{"line":65,"column":2},"end":{"line":65,"column":91}},"5":{"start":{"line":68,"column":26},"end":{"line":79,"column":1}},"6":{"start":{"line":69,"column":2},"end":{"line":69,"column":26}},"7":{"start":{"line":69,"column":14},"end":{"line":69,"column":26}},"8":{"start":{"line":70,"column":12},"end":{"line":70,"column":28}},"9":{"start":{"line":71,"column":2},"end":{"line":73,"column":3}},"10":{"start":{"line":72,"column":4},"end":{"line":72,"column":60}},"11":{"start":{"line":72,"column":33},"end":{"line":72,"column":60}},"12":{"start":{"line":74,"column":2},"end":{"line":77,"column":3}},"13":{"start":{"line":75,"column":15},"end":{"line":75,"column":32}},"14":{"start":{"line":76,"column":4},"end":{"line":76,"column":69}},"15":{"start":{"line":76,"column":42},"end":{"line":76,"column":69}},"16":{"start":{"line":78,"column":2},"end":{"line":78,"column":14}},"17":{"start":{"line":81,"column":33},"end":{"line":89,"column":1}},"18":{"start":{"line":82,"column":19},"end":{"line":82,"column":23}},"19":{"start":{"line":83,"column":2},"end":{"line":83,"column":45}},"20":{"start":{"line":83,"column":36},"end":{"line":83,"column":45}},"21":{"start":{"line":84,"column":2},"end":{"line":87,"column":3}},"22":{"start":{"line":85,"column":18},"end":{"line":85,"column":36}},"23":{"start":{"line":86,"column":4},"end":{"line":86,"column":37}},"24":{"start":{"line":88,"column":2},"end":{"line":88,"column":13}}},"fnMap":{"0":{"name":"(anonymous_0)","decl":{"start":{"line":63,"column":18},"end":{"line":63,"column":19}},"loc":{"start":{"line":63,"column":27},"end":{"line":66,"column":1}},"line":63},"1":{"name":"(anonymous_1)","decl":{"start":{"line":68,"column":26},"end":{"line":68,"column":27}},"loc":{"start":{"line":68,"column":37},"end":{"line":79,"column":1}},"line":68},"2":{"name":"(anonymous_2)","decl":{"start":{"line":81,"column":33},"end":{"line":81,"column":34}},"loc":{"start":{"line":81,"column":55},"end":{"line":89,"column":1}},"line":81}},"branchMap":{"0":{"loc":{"start":{"line":64,"column":2},"end":{"line":64,"column":22}},"type":"if","locations":[{"start":{"line":64,"column":2},"end":{"line":64,"column":22}},{"start":{},"end":{}}],"line":64},"1":{"loc":{"start":{"line":69,"column":2},"end":{"line":69,"column":26}},"type":"if","locations":[{"start":{"line":69,"column":2},"end":{"line":69,"column":26}},{"start":{},"end":{}}],"line":69},"2":{"loc":{"start":{"line":72,"column":4},"end":{"line":72,"column":60}},"type":"if","locations":[{"start":{"line":72,"column":4},"end":{"line":72,"column":60}},{"start":{},"end":{}}],"line":72},"3":{"loc":{"start":{"line":76,"column":4},"end":{"line":76,"column":69}},"type":"if","locations":[{"start":{"line":76,"column":4},"end":{"line":76,"column":69}},{"start":{},"end":{}}],"line":76},"4":{"loc":{"start":{"line":76,"column":8},"end":{"line":76,"column":40}},"type":"binary-expr","locations":[{"start":{"line":76,"column":8},"end":{"line":76,"column":22}},{"start":{"line":76,"column":26},"end":{"line":76,"column":40}}],"line":76},"5":{"loc":{"start":{"line":83,"column":2},"end":{"line":83,"column":45}},"type":"if","locations":[{"start":{"line":83,"column":2},"end":{"line":83,"column":45}},{"start":{},"end":{}}],"line":83},"6":{"loc":{"start":{"line":84,"column":2},"end":{"line":87,"column":3}},"type":"if","locations":[{"start":{"line":84,"column":2},"end":{"line":87,"column":3}},{"start":{},"end":{}}],"line":84},"7":{"loc":{"start":{"line":86,"column":11},"end":{"line":86,"column":36}},"type":"cond-expr","locations":[{"start":{"line":86,"column":19},"end":{"line":86,"column":30}},{"start":{"line":86,"column":33},"end":{"line":86,"column":36}}],"line":86}},"s":{"0":0,"1":0,"2":0,"3":0,"4":0,"5":0,"6":0,"7":0,"8":0,"9":0,"10":0,"11":0,"12":0,"13":0,"14":0,"15":0,"16":0,"17":0,"18":0,"19":0,"20":0,"21":0,"22":0,"23":0,"24":0},"f":{"0":0,"1":0,"2":0},"b":{"0":[0,0],"1":[0,0],"2":[0,0],"3":[0,0],"4":[0,0],"5":[0,0],"6":[0,0],"7":[0,0]}}
,"/home/kidadi/Desktop/eugen_projects/e-commerce-platform/backend/utils/validatePassword.js": {"path":"/home/kidadi/Desktop/eugen_projects/e-commerce-platform/backend/utils/validatePassword.js","statementMap":{"0":{"start":{"line":1,"column":25},"end":{"line":14,"column":1}},"1":{"start":{"line":2,"column":22},"end":{"line":8,"column":3}},"2":{"start":{"line":10,"column":2},"end":{"line":13,"column":4}}},"fnMap":{"0":{"name":"(anonymous_0)","decl":{"start":{"line":1,"column":25},"end":{"line":1,"column":26}},"loc":{"start":{"line":1,"column":39},"end":{"line":14,"column":1}},"line":1}},"branchMap":{},"s":{"0":3,"1":7,"2":7},"f":{"0":7},"b":{},"_coverageSchema":"1a1c01bbd47fc00a2c39e90264f33305004495a9","hash":"c69ea62672912ad5ed14b789a41e106cfea7ad2d"}
}
