TN:
SF:controllers/UserController.js
FN:17,(anonymous_0)
FN:156,(anonymous_1)
FN:246,(anonymous_2)
FN:311,(anonymous_3)
FN:393,(anonymous_4)
FN:417,(anonymous_5)
FN:441,(anonymous_6)
FN:488,(anonymous_7)
FN:525,(anonymous_8)
FN:572,(anonymous_9)
FNF:10
FNH:6
FNDA:2,(anonymous_0)
FNDA:2,(anonymous_1)
FNDA:0,(anonymous_2)
FNDA:2,(anonymous_3)
FNDA:1,(anonymous_4)
FNDA:0,(anonymous_5)
FNDA:1,(anonymous_6)
FNDA:1,(anonymous_7)
FNDA:0,(anonymous_8)
FNDA:0,(anonymous_9)
DA:17,2
DA:18,2
DA:19,2
DA:22,2
DA:23,1
DA:30,1
DA:31,0
DA:38,1
DA:39,1
DA:40,0
DA:48,1
DA:51,1
DA:52,0
DA:54,0
DA:57,0
DA:60,0
DA:61,0
DA:62,0
DA:63,0
DA:64,0
DA:65,0
DA:68,0
DA:74,0
DA:77,0
DA:78,0
DA:83,0
DA:93,0
DA:101,1
DA:104,1
DA:107,1
DA:110,1
DA:120,1
DA:123,1
DA:124,1
DA:134,1
DA:136,1
DA:146,0
DA:147,0
DA:156,2
DA:157,2
DA:158,2
DA:160,2
DA:161,1
DA:167,1
DA:169,1
DA:170,1
DA:176,0
DA:177,0
DA:184,0
DA:186,0
DA:187,0
DA:189,0
DA:196,0
DA:197,0
DA:204,0
DA:205,0
DA:206,0
DA:207,0
DA:208,0
DA:211,0
DA:214,0
DA:222,0
DA:228,0
DA:230,0
DA:236,0
DA:237,0
DA:246,2
DA:247,0
DA:248,0
DA:250,0
DA:251,0
DA:257,0
DA:259,0
DA:260,0
DA:266,0
DA:267,0
DA:274,0
DA:277,0
DA:279,0
DA:280,0
DA:281,0
DA:282,0
DA:285,0
DA:288,0
DA:289,0
DA:294,0
DA:301,0
DA:302,0
DA:311,2
DA:312,2
DA:313,2
DA:316,2
DA:317,1
DA:324,1
DA:327,1
DA:328,1
DA:335,0
DA:336,0
DA:346,0
DA:347,0
DA:348,0
DA:355,0
DA:358,0
DA:366,0
DA:367,0
DA:369,0
DA:373,0
DA:375,0
DA:377,0
DA:383,0
DA:384,0
DA:393,2
DA:394,1
DA:395,1
DA:396,1
DA:402,0
DA:403,0
DA:408,0
DA:409,0
DA:417,2
DA:418,0
DA:420,0
DA:427,0
DA:432,0
DA:433,0
DA:441,2
DA:442,1
DA:443,1
DA:445,1
DA:446,0
DA:452,1
DA:453,1
DA:455,1
DA:463,0
DA:464,0
DA:467,0
DA:468,0
DA:471,0
DA:473,0
DA:479,0
DA:480,0
DA:488,2
DA:489,1
DA:490,1
DA:492,1
DA:493,1
DA:495,1
DA:496,1
DA:502,0
DA:503,0
DA:509,0
DA:511,0
DA:516,0
DA:517,0
DA:525,2
DA:526,0
DA:527,0
DA:529,0
DA:530,0
DA:536,0
DA:537,0
DA:539,0
DA:547,0
DA:548,0
DA:551,0
DA:552,0
DA:555,0
DA:557,0
DA:563,0
DA:564,0
DA:572,2
DA:573,0
DA:574,0
DA:576,0
DA:577,0
DA:578,0
DA:579,0
DA:585,0
DA:586,0
DA:592,0
DA:593,0
DA:594,0
DA:600,0
DA:601,0
DA:602,0
DA:609,0
DA:610,0
DA:611,0
DA:618,0
DA:619,0
DA:620,0
DA:623,0
DA:625,0
DA:627,0
DA:638,0
DA:640,0
DA:646,0
DA:647,0
LF:198
LH:57
BRDA:22,0,0,1
BRDA:22,0,1,1
BRDA:22,1,0,2
BRDA:22,1,1,1
BRDA:22,1,2,1
BRDA:22,1,3,1
BRDA:30,2,0,0
BRDA:30,2,1,1
BRDA:39,3,0,0
BRDA:39,3,1,1
BRDA:51,4,0,0
BRDA:51,4,1,1
BRDA:52,5,0,0
BRDA:52,5,1,0
BRDA:150,6,0,0
BRDA:150,6,1,0
BRDA:160,7,0,1
BRDA:160,7,1,1
BRDA:160,8,0,2
BRDA:160,8,1,1
BRDA:169,9,0,1
BRDA:169,9,1,0
BRDA:176,10,0,0
BRDA:176,10,1,0
BRDA:184,11,0,0
BRDA:184,11,1,0
BRDA:196,12,0,0
BRDA:196,12,1,0
BRDA:217,13,0,0
BRDA:217,13,1,0
BRDA:240,14,0,0
BRDA:240,14,1,0
BRDA:250,15,0,0
BRDA:250,15,1,0
BRDA:259,16,0,0
BRDA:259,16,1,0
BRDA:266,17,0,0
BRDA:266,17,1,0
BRDA:305,18,0,0
BRDA:305,18,1,0
BRDA:316,19,0,1
BRDA:316,19,1,1
BRDA:316,20,0,2
BRDA:316,20,1,1
BRDA:327,21,0,1
BRDA:327,21,1,0
BRDA:335,22,0,0
BRDA:335,22,1,0
BRDA:347,23,0,0
BRDA:347,23,1,0
BRDA:361,24,0,0
BRDA:361,24,1,0
BRDA:366,25,0,0
BRDA:366,25,1,0
BRDA:387,26,0,0
BRDA:387,26,1,0
BRDA:395,27,0,1
BRDA:395,27,1,0
BRDA:423,28,0,0
BRDA:423,28,1,0
BRDA:445,29,0,0
BRDA:445,29,1,1
BRDA:453,30,0,1
BRDA:453,30,1,0
BRDA:493,31,0,1
BRDA:493,31,1,0
BRDA:502,32,0,0
BRDA:502,32,1,0
BRDA:529,33,0,0
BRDA:529,33,1,0
BRDA:537,34,0,0
BRDA:537,34,1,0
BRDA:577,35,0,0
BRDA:577,35,1,0
BRDA:585,36,0,0
BRDA:585,36,1,0
BRDA:593,37,0,0
BRDA:593,37,1,0
BRDA:601,38,0,0
BRDA:601,38,1,0
BRDA:610,39,0,0
BRDA:610,39,1,0
BRDA:630,40,0,0
BRDA:630,40,1,0
BRF:84
BRH:23
end_of_record
TN:
SF:controllers/categoriesController.js
FN:6,(anonymous_0)
FN:73,(anonymous_1)
FN:151,(anonymous_2)
FN:194,(anonymous_3)
FN:222,(anonymous_4)
FN:244,(anonymous_5)
FN:268,(anonymous_6)
FN:294,(anonymous_7)
FN:346,(anonymous_8)
FN:370,(anonymous_9)
FN:396,(anonymous_10)
FN:411,(anonymous_11)
FN:427,(anonymous_12)
FN:464,(anonymous_13)
FNF:14
FNH:4
FNDA:2,(anonymous_0)
FNDA:0,(anonymous_1)
FNDA:0,(anonymous_2)
FNDA:1,(anonymous_3)
FNDA:0,(anonymous_4)
FNDA:0,(anonymous_5)
FNDA:1,(anonymous_6)
FNDA:5,(anonymous_7)
FNDA:0,(anonymous_8)
FNDA:0,(anonymous_9)
FNDA:0,(anonymous_10)
FNDA:0,(anonymous_11)
FNDA:0,(anonymous_12)
FNDA:0,(anonymous_13)
DA:6,2
DA:7,2
DA:14,2
DA:17,2
DA:18,2
DA:19,2
DA:22,2
DA:23,2
DA:24,1
DA:26,2
DA:27,0
DA:29,2
DA:30,0
DA:32,2
DA:33,2
DA:37,2
DA:40,2
DA:41,2
DA:42,0
DA:43,2
DA:44,0
DA:46,2
DA:47,2
DA:49,2
DA:52,2
DA:53,0
DA:56,2
DA:57,2
DA:63,0
DA:64,0
DA:73,2
DA:74,0
DA:75,0
DA:78,0
DA:79,0
DA:80,0
DA:82,0
DA:83,0
DA:84,0
DA:85,0
DA:86,0
DA:87,0
DA:90,0
DA:97,0
DA:98,0
DA:99,0
DA:100,0
DA:104,0
DA:105,0
DA:113,0
DA:114,0
DA:118,0
DA:119,0
DA:122,0
DA:129,0
DA:130,0
DA:132,0
DA:141,0
DA:142,0
DA:151,2
DA:152,0
DA:153,0
DA:157,0
DA:158,0
DA:160,0
DA:163,0
DA:164,0
DA:171,0
DA:172,0
DA:173,0
DA:180,0
DA:185,0
DA:186,0
DA:194,2
DA:195,1
DA:196,1
DA:197,1
DA:199,1
DA:201,1
DA:202,1
DA:205,1
DA:207,1
DA:213,0
DA:214,0
DA:222,2
DA:223,0
DA:224,0
DA:229,0
DA:235,0
DA:236,0
DA:244,2
DA:245,0
DA:246,0
DA:253,0
DA:259,0
DA:260,0
DA:268,2
DA:269,1
DA:282,1
DA:285,1
DA:293,1
DA:294,1
DA:295,5
DA:296,5
DA:300,1
DA:301,1
DA:308,0
DA:312,0
DA:313,0
DA:320,0
DA:335,0
DA:337,0
DA:343,0
DA:345,0
DA:346,0
DA:347,0
DA:354,0
DA:355,0
DA:361,0
DA:370,2
DA:371,0
DA:372,0
DA:373,0
DA:377,0
DA:378,0
DA:380,0
DA:383,0
DA:384,0
DA:391,0
DA:392,0
DA:396,0
DA:397,0
DA:400,0
DA:402,0
DA:408,0
DA:410,0
DA:411,0
DA:412,0
DA:419,0
DA:427,2
DA:428,0
DA:429,0
DA:433,0
DA:434,0
DA:436,0
DA:439,0
DA:440,0
DA:447,0
DA:448,0
DA:450,0
DA:455,0
DA:456,0
DA:464,2
DA:465,0
DA:466,0
DA:467,0
DA:469,0
DA:470,0
DA:475,0
DA:476,0
DA:479,0
LF:161
LH:49
BRDA:12,0,0,2
BRDA:17,1,0,0
BRDA:17,1,1,2
BRDA:18,2,0,0
BRDA:18,2,1,2
BRDA:19,3,0,0
BRDA:19,3,1,2
BRDA:23,4,0,1
BRDA:23,4,1,1
BRDA:26,5,0,0
BRDA:26,5,1,2
BRDA:29,6,0,0
BRDA:29,6,1,2
BRDA:32,7,0,2
BRDA:32,7,1,0
BRDA:41,8,0,0
BRDA:41,8,1,2
BRDA:43,9,0,0
BRDA:43,9,1,2
BRDA:52,10,0,0
BRDA:52,10,1,2
BRDA:67,11,0,0
BRDA:67,11,1,0
BRDA:78,12,0,0
BRDA:78,12,1,0
BRDA:79,13,0,0
BRDA:79,13,1,0
BRDA:84,14,0,0
BRDA:84,14,1,0
BRDA:85,15,0,0
BRDA:85,15,1,0
BRDA:97,16,0,0
BRDA:97,16,1,0
BRDA:97,17,0,0
BRDA:97,17,1,0
BRDA:99,18,0,0
BRDA:99,18,1,0
BRDA:100,19,0,0
BRDA:100,19,1,0
BRDA:104,20,0,0
BRDA:104,20,1,0
BRDA:113,21,0,0
BRDA:113,21,1,0
BRDA:145,22,0,0
BRDA:145,22,1,0
BRDA:157,23,0,0
BRDA:157,23,1,0
BRDA:163,24,0,0
BRDA:163,24,1,0
BRDA:171,25,0,0
BRDA:171,25,1,0
BRDA:171,26,0,0
BRDA:171,26,1,0
BRDA:172,27,0,0
BRDA:172,27,1,0
BRDA:197,28,0,1
BRDA:201,29,0,1
BRDA:201,29,1,0
BRDA:295,30,0,5
BRDA:295,30,1,0
BRDA:300,31,0,1
BRDA:300,31,1,0
BRDA:312,32,0,0
BRDA:312,32,1,0
BRDA:326,33,0,0
BRDA:326,33,1,0
BRDA:327,34,0,0
BRDA:327,34,1,0
BRDA:328,35,0,0
BRDA:328,35,1,0
BRDA:329,36,0,0
BRDA:329,36,1,0
BRDA:330,37,0,0
BRDA:330,37,1,0
BRDA:331,38,0,0
BRDA:331,38,1,0
BRDA:345,39,0,0
BRDA:345,39,1,0
BRDA:354,40,0,0
BRDA:354,40,1,0
BRDA:364,41,0,0
BRDA:364,41,1,0
BRDA:377,42,0,0
BRDA:377,42,1,0
BRDA:383,43,0,0
BRDA:383,43,1,0
BRDA:391,44,0,0
BRDA:391,44,1,0
BRDA:410,45,0,0
BRDA:410,45,1,0
BRDA:433,46,0,0
BRDA:433,46,1,0
BRDA:439,47,0,0
BRDA:439,47,1,0
BRDA:467,48,0,0
BRDA:467,48,1,0
BRF:96
BRH:16
end_of_record
TN:
SF:controllers/emailTemplates.js
FN:1,(anonymous_0)
FN:257,(anonymous_1)
FN:341,(anonymous_2)
FN:440,(anonymous_3)
FNF:4
FNH:4
FNDA:1,(anonymous_0)
FNDA:2,(anonymous_1)
FNDA:2,(anonymous_2)
FNDA:1,(anonymous_3)
DA:1,3
DA:257,3
DA:341,3
DA:440,3
LF:4
LH:4
BRDA:262,0,0,1
BRDA:262,0,1,1
BRDA:279,1,0,1
BRDA:279,1,1,1
BRDA:292,2,0,1
BRDA:292,2,1,1
BRDA:304,3,0,1
BRDA:304,3,1,1
BRDA:316,4,0,1
BRDA:316,4,1,1
BRDA:319,5,0,2
BRDA:319,5,1,0
BRDA:321,6,0,1
BRDA:321,6,1,1
BRDA:325,7,0,1
BRDA:325,7,1,1
BRF:16
BRH:15
end_of_record
TN:
SF:controllers/limitedOffersController.js
FN:8,(anonymous_0)
FN:23,(anonymous_1)
FN:59,(anonymous_2)
FN:127,(anonymous_3)
FN:136,(anonymous_4)
FN:136,(anonymous_5)
FN:181,(anonymous_6)
FN:205,(anonymous_7)
FN:293,(anonymous_8)
FN:328,(anonymous_9)
FN:369,(anonymous_10)
FN:420,(anonymous_11)
FN:436,(anonymous_12)
FN:466,(anonymous_13)
FN:499,(anonymous_14)
FNF:15
FNH:4
FNDA:0,(anonymous_0)
FNDA:2,(anonymous_1)
FNDA:10,(anonymous_2)
FNDA:0,(anonymous_3)
FNDA:0,(anonymous_4)
FNDA:0,(anonymous_5)
FNDA:0,(anonymous_6)
FNDA:1,(anonymous_7)
FNDA:0,(anonymous_8)
FNDA:1,(anonymous_9)
FNDA:0,(anonymous_10)
FNDA:0,(anonymous_11)
FNDA:0,(anonymous_12)
FNDA:0,(anonymous_13)
FNDA:0,(anonymous_14)
DA:8,1
DA:9,0
DA:10,0
DA:15,0
DA:17,0
DA:18,0
DA:23,1
DA:24,2
DA:47,2
DA:50,2
DA:58,2
DA:59,2
DA:60,10
DA:61,5
DA:65,2
DA:66,1
DA:73,1
DA:74,0
DA:81,1
DA:82,0
DA:88,1
DA:89,0
DA:96,1
DA:97,1
DA:99,1
DA:101,0
DA:102,0
DA:103,0
DA:105,0
DA:109,0
DA:110,0
DA:112,0
DA:113,0
DA:114,0
DA:119,1
DA:120,1
DA:127,0
DA:128,0
DA:130,0
DA:132,0
DA:133,0
DA:134,0
DA:136,0
DA:140,0
DA:144,0
DA:169,0
DA:171,0
DA:178,0
DA:180,0
DA:181,0
DA:182,0
DA:189,0
DA:190,0
DA:196,0
DA:205,1
DA:206,1
DA:216,1
DA:219,1
DA:222,1
DA:223,0
DA:224,0
DA:225,0
DA:229,1
DA:230,0
DA:234,1
DA:235,0
DA:239,1
DA:240,0
DA:244,1
DA:245,0
DA:253,1
DA:254,1
DA:255,1
DA:257,0
DA:261,1
DA:262,1
DA:263,1
DA:265,1
DA:271,1
DA:273,1
DA:283,0
DA:284,0
DA:293,1
DA:294,0
DA:295,0
DA:297,0
DA:303,0
DA:304,0
DA:307,0
DA:312,0
DA:319,0
DA:320,0
DA:328,1
DA:329,1
DA:330,1
DA:332,1
DA:335,0
DA:336,0
DA:343,0
DA:344,0
DA:346,0
DA:352,1
DA:354,1
DA:355,1
DA:361,0
DA:369,1
DA:370,0
DA:371,0
DA:374,0
DA:376,0
DA:377,0
DA:384,0
DA:385,0
DA:386,0
DA:387,0
DA:389,0
DA:392,0
DA:393,0
DA:394,0
DA:395,0
DA:396,0
DA:399,0
DA:404,0
DA:410,0
DA:417,0
DA:419,0
DA:420,0
DA:421,0
DA:428,0
DA:436,1
DA:437,0
DA:438,0
DA:440,0
DA:442,0
DA:443,0
DA:449,0
DA:451,0
DA:457,0
DA:458,0
DA:466,1
DA:467,0
DA:468,0
DA:470,0
DA:476,0
DA:477,0
DA:483,0
DA:490,0
DA:491,0
DA:499,1
DA:500,0
DA:501,0
DA:502,0
DA:507,0
DA:510,0
DA:515,0
DA:526,0
DA:527,0
LF:157
LH:49
BRDA:8,0,0,0
BRDA:17,1,0,0
BRDA:17,1,1,0
BRDA:60,2,0,5
BRDA:60,2,1,5
BRDA:65,3,0,1
BRDA:65,3,1,1
BRDA:73,4,0,0
BRDA:73,4,1,1
BRDA:81,5,0,0
BRDA:81,5,1,1
BRDA:88,6,0,0
BRDA:88,6,1,1
BRDA:88,7,0,1
BRDA:88,7,1,0
BRDA:99,8,0,0
BRDA:99,8,1,1
BRDA:101,9,0,0
BRDA:101,9,1,0
BRDA:103,10,0,0
BRDA:103,10,1,0
BRDA:103,11,0,0
BRDA:103,11,1,0
BRDA:109,12,0,0
BRDA:109,12,1,0
BRDA:112,13,0,0
BRDA:112,13,1,0
BRDA:112,14,0,0
BRDA:112,14,1,0
BRDA:119,15,0,1
BRDA:119,15,1,0
BRDA:128,16,0,0
BRDA:128,16,1,0
BRDA:130,17,0,0
BRDA:130,17,1,0
BRDA:132,18,0,0
BRDA:132,18,1,0
BRDA:147,19,0,0
BRDA:147,19,1,0
BRDA:148,20,0,0
BRDA:148,20,1,0
BRDA:149,21,0,0
BRDA:149,21,1,0
BRDA:150,22,0,0
BRDA:150,22,1,0
BRDA:151,23,0,0
BRDA:151,23,1,0
BRDA:156,24,0,0
BRDA:156,24,1,0
BRDA:158,25,0,0
BRDA:158,25,1,0
BRDA:159,26,0,0
BRDA:159,26,1,0
BRDA:162,27,0,0
BRDA:162,27,1,0
BRDA:163,28,0,0
BRDA:163,28,1,0
BRDA:164,29,0,0
BRDA:164,29,1,0
BRDA:165,30,0,0
BRDA:165,30,1,0
BRDA:180,31,0,0
BRDA:180,31,1,0
BRDA:189,32,0,0
BRDA:189,32,1,0
BRDA:199,33,0,0
BRDA:199,33,1,0
BRDA:208,34,0,1
BRDA:209,35,0,1
BRDA:210,36,0,1
BRDA:211,37,0,1
BRDA:222,38,0,0
BRDA:222,38,1,1
BRDA:229,39,0,0
BRDA:229,39,1,1
BRDA:234,40,0,0
BRDA:234,40,1,1
BRDA:239,41,0,0
BRDA:239,41,1,1
BRDA:244,42,0,0
BRDA:244,42,1,1
BRDA:254,43,0,1
BRDA:254,43,1,0
BRDA:287,44,0,0
BRDA:287,44,1,0
BRDA:295,45,0,0
BRDA:303,46,0,0
BRDA:303,46,1,0
BRDA:335,47,0,0
BRDA:335,47,1,0
BRDA:354,48,0,1
BRDA:354,48,1,0
BRDA:376,49,0,0
BRDA:376,49,1,0
BRDA:384,50,0,0
BRDA:384,50,1,0
BRDA:385,51,0,0
BRDA:385,51,1,0
BRDA:392,52,0,0
BRDA:392,52,1,0
BRDA:419,53,0,0
BRDA:419,53,1,0
BRDA:442,54,0,0
BRDA:442,54,1,0
BRDA:476,55,0,0
BRDA:476,55,1,0
BRF:106
BRH:21
end_of_record
TN:
SF:controllers/orderController.js
FN:4,(anonymous_0)
FN:25,(anonymous_1)
FN:49,(anonymous_2)
FN:106,(anonymous_3)
FN:146,(anonymous_4)
FN:213,(anonymous_5)
FN:253,(anonymous_6)
FN:323,(anonymous_7)
FN:393,(anonymous_8)
FN:446,(anonymous_9)
FN:523,(anonymous_10)
FN:597,(anonymous_11)
FNF:12
FNH:4
FNDA:6,(anonymous_0)
FNDA:3,(anonymous_1)
FNDA:3,(anonymous_2)
FNDA:2,(anonymous_3)
FNDA:0,(anonymous_4)
FNDA:0,(anonymous_5)
FNDA:0,(anonymous_6)
FNDA:0,(anonymous_7)
FNDA:0,(anonymous_8)
FNDA:0,(anonymous_9)
FNDA:0,(anonymous_10)
FNDA:0,(anonymous_11)
DA:4,2
DA:5,6
DA:6,6
DA:7,6
DA:10,6
DA:11,2
DA:17,4
DA:18,1
DA:25,3
DA:26,0
DA:33,3
DA:34,3
DA:35,3
DA:36,3
DA:37,0
DA:39,3
DA:40,0
DA:48,3
DA:49,3
DA:54,3
DA:55,3
DA:56,1
DA:64,2
DA:65,2
DA:66,0
DA:73,2
DA:74,2
DA:77,2
DA:78,2
DA:79,0
DA:86,2
DA:89,2
DA:90,2
DA:91,0
DA:98,2
DA:99,0
DA:106,2
DA:115,2
DA:130,2
DA:137,0
DA:138,0
DA:146,2
DA:147,0
DA:148,0
DA:151,0
DA:152,0
DA:153,0
DA:156,0
DA:157,0
DA:158,0
DA:159,0
DA:162,0
DA:164,0
DA:165,0
DA:168,0
DA:169,0
DA:170,0
DA:171,0
DA:174,0
DA:175,0
DA:182,0
DA:185,0
DA:192,0
DA:203,0
DA:204,0
DA:213,2
DA:214,0
DA:215,0
DA:216,0
DA:219,0
DA:220,0
DA:226,0
DA:231,0
DA:232,0
DA:238,0
DA:243,0
DA:244,0
DA:253,2
DA:254,0
DA:255,0
DA:256,0
DA:259,0
DA:260,0
DA:266,0
DA:271,0
DA:272,0
DA:279,0
DA:280,0
DA:281,0
DA:288,0
DA:289,0
DA:290,0
DA:291,0
DA:292,0
DA:293,0
DA:298,0
DA:299,0
DA:300,0
DA:301,0
DA:303,0
DA:313,0
DA:314,0
DA:323,2
DA:324,0
DA:325,0
DA:326,0
DA:329,0
DA:330,0
DA:336,0
DA:338,0
DA:339,0
DA:346,0
DA:347,0
DA:348,0
DA:349,0
DA:350,0
DA:352,0
DA:353,0
DA:355,0
DA:356,0
DA:357,0
DA:360,0
DA:361,0
DA:362,0
DA:363,0
DA:364,0
DA:365,0
DA:370,0
DA:372,0
DA:383,0
DA:384,0
DA:393,2
DA:394,0
DA:395,0
DA:397,0
DA:424,0
DA:431,0
DA:436,0
DA:437,0
DA:446,2
DA:447,0
DA:448,0
DA:449,0
DA:452,0
DA:453,0
DA:459,0
DA:464,0
DA:465,0
DA:472,0
DA:473,0
DA:481,0
DA:506,0
DA:513,0
DA:514,0
DA:523,2
DA:524,0
DA:526,0
DA:527,0
DA:534,0
DA:535,0
DA:536,0
DA:538,0
DA:539,0
DA:540,0
DA:541,0
DA:544,0
DA:546,0
DA:547,0
DA:550,0
DA:551,0
DA:552,0
DA:553,0
DA:556,0
DA:557,0
DA:565,0
DA:568,0
DA:576,0
DA:587,0
DA:588,0
DA:597,2
DA:598,0
DA:600,0
DA:601,0
DA:607,0
DA:608,0
DA:611,0
DA:612,0
DA:618,0
DA:620,0
DA:621,0
DA:628,0
DA:629,0
DA:630,0
DA:637,0
DA:639,0
DA:640,0
DA:641,0
DA:649,0
DA:651,0
DA:662,0
DA:663,0
LF:201
LH:40
BRDA:10,0,0,2
BRDA:10,0,1,4
BRDA:10,1,0,6
BRDA:10,1,1,4
BRDA:10,1,2,4
BRDA:17,2,0,1
BRDA:17,2,1,3
BRDA:25,3,0,0
BRDA:25,3,1,3
BRDA:25,4,0,3
BRDA:25,4,1,3
BRDA:25,5,0,3
BRDA:25,5,1,3
BRDA:36,6,0,0
BRDA:36,6,1,3
BRDA:36,7,0,3
BRDA:36,7,1,3
BRDA:39,8,0,0
BRDA:39,8,1,3
BRDA:39,9,0,3
BRDA:39,9,1,3
BRDA:39,9,2,3
BRDA:49,10,0,3
BRDA:49,10,1,0
BRDA:49,11,0,3
BRDA:49,11,1,0
BRDA:54,12,0,3
BRDA:54,12,1,0
BRDA:55,13,0,1
BRDA:55,13,1,2
BRDA:64,14,0,2
BRDA:64,14,1,2
BRDA:65,15,0,0
BRDA:65,15,1,2
BRDA:65,16,0,2
BRDA:65,16,1,2
BRDA:77,17,0,2
BRDA:77,17,1,0
BRDA:78,18,0,0
BRDA:78,18,1,2
BRDA:89,19,0,2
BRDA:89,19,1,0
BRDA:90,20,0,0
BRDA:90,20,1,2
BRDA:98,21,0,0
BRDA:98,21,1,2
BRDA:98,22,0,2
BRDA:98,22,1,2
BRDA:108,23,0,2
BRDA:108,23,1,2
BRDA:124,24,0,0
BRDA:124,24,1,2
BRDA:151,25,0,0
BRDA:151,25,1,0
BRDA:152,26,0,0
BRDA:152,26,1,0
BRDA:164,27,0,0
BRDA:164,27,1,0
BRDA:168,28,0,0
BRDA:168,28,1,0
BRDA:168,29,0,0
BRDA:168,29,1,0
BRDA:170,30,0,0
BRDA:170,30,1,0
BRDA:171,31,0,0
BRDA:171,31,1,0
BRDA:174,32,0,0
BRDA:174,32,1,0
BRDA:207,33,0,0
BRDA:207,33,1,0
BRDA:219,34,0,0
BRDA:219,34,1,0
BRDA:231,35,0,0
BRDA:231,35,1,0
BRDA:247,36,0,0
BRDA:247,36,1,0
BRDA:259,37,0,0
BRDA:259,37,1,0
BRDA:271,38,0,0
BRDA:271,38,1,0
BRDA:280,39,0,0
BRDA:280,39,1,0
BRDA:290,40,0,0
BRDA:290,40,1,0
BRDA:317,41,0,0
BRDA:317,41,1,0
BRDA:326,42,0,0
BRDA:329,43,0,0
BRDA:329,43,1,0
BRDA:338,44,0,0
BRDA:338,44,1,0
BRDA:346,45,0,0
BRDA:346,45,1,0
BRDA:352,46,0,0
BRDA:352,46,1,0
BRDA:355,47,0,0
BRDA:355,47,1,0
BRDA:362,48,0,0
BRDA:362,48,1,0
BRDA:387,49,0,0
BRDA:387,49,1,0
BRDA:425,50,0,0
BRDA:425,50,1,0
BRDA:426,51,0,0
BRDA:426,51,1,0
BRDA:427,52,0,0
BRDA:427,52,1,0
BRDA:428,53,0,0
BRDA:428,53,1,0
BRDA:440,54,0,0
BRDA:440,54,1,0
BRDA:452,55,0,0
BRDA:452,55,1,0
BRDA:464,56,0,0
BRDA:464,56,1,0
BRDA:472,57,0,0
BRDA:472,57,1,0
BRDA:517,58,0,0
BRDA:517,58,1,0
BRDA:526,59,0,0
BRDA:526,59,1,0
BRDA:534,60,0,0
BRDA:534,60,1,0
BRDA:535,61,0,0
BRDA:535,61,1,0
BRDA:546,62,0,0
BRDA:546,62,1,0
BRDA:550,63,0,0
BRDA:550,63,1,0
BRDA:550,64,0,0
BRDA:550,64,1,0
BRDA:552,65,0,0
BRDA:552,65,1,0
BRDA:553,66,0,0
BRDA:553,66,1,0
BRDA:556,67,0,0
BRDA:556,67,1,0
BRDA:591,68,0,0
BRDA:591,68,1,0
BRDA:600,69,0,0
BRDA:600,69,1,0
BRDA:611,70,0,0
BRDA:611,70,1,0
BRDA:620,71,0,0
BRDA:620,71,1,0
BRDA:629,72,0,0
BRDA:629,72,1,0
BRDA:639,73,0,0
BRDA:639,73,1,0
BRDA:666,74,0,0
BRDA:666,74,1,0
BRF:151
BRH:39
end_of_record
TN:
SF:controllers/productController.js
FN:4,(anonymous_0)
FN:40,(anonymous_1)
FN:55,(anonymous_2)
FN:77,(anonymous_3)
FN:78,(anonymous_4)
FN:83,(anonymous_5)
FN:84,(anonymous_6)
FN:96,(anonymous_7)
FN:98,(anonymous_8)
FN:113,(anonymous_9)
FN:124,(anonymous_10)
FN:164,(anonymous_11)
FN:196,(anonymous_12)
FN:219,(anonymous_13)
FN:235,(anonymous_14)
FN:239,(anonymous_15)
FN:332,(anonymous_16)
FN:355,(anonymous_17)
FN:397,(anonymous_18)
FN:440,(anonymous_19)
FNF:20
FNH:5
FNDA:0,(anonymous_0)
FNDA:0,(anonymous_1)
FNDA:0,(anonymous_2)
FNDA:0,(anonymous_3)
FNDA:0,(anonymous_4)
FNDA:0,(anonymous_5)
FNDA:0,(anonymous_6)
FNDA:0,(anonymous_7)
FNDA:0,(anonymous_8)
FNDA:0,(anonymous_9)
FNDA:0,(anonymous_10)
FNDA:0,(anonymous_11)
FNDA:0,(anonymous_12)
FNDA:2,(anonymous_13)
FNDA:14,(anonymous_14)
FNDA:0,(anonymous_15)
FNDA:0,(anonymous_16)
FNDA:1,(anonymous_17)
FNDA:1,(anonymous_18)
FNDA:1,(anonymous_19)
DA:4,2
DA:5,0
DA:26,0
DA:29,0
DA:39,0
DA:40,0
DA:41,0
DA:42,0
DA:46,0
DA:47,0
DA:55,0
DA:56,0
DA:59,0
DA:60,0
DA:64,0
DA:65,0
DA:67,0
DA:68,0
DA:73,0
DA:75,0
DA:77,0
DA:78,0
DA:79,0
DA:81,0
DA:83,0
DA:84,0
DA:87,0
DA:92,0
DA:93,0
DA:96,0
DA:97,0
DA:98,0
DA:99,0
DA:100,0
DA:102,0
DA:105,0
DA:108,0
DA:109,0
DA:112,0
DA:113,0
DA:114,0
DA:122,0
DA:123,0
DA:124,0
DA:127,0
DA:128,0
DA:133,0
DA:134,0
DA:140,0
DA:147,0
DA:165,0
DA:166,0
DA:167,0
DA:168,0
DA:171,0
DA:185,0
DA:187,0
DA:193,0
DA:195,0
DA:196,0
DA:197,0
DA:204,0
DA:205,0
DA:211,0
DA:219,2
DA:220,2
DA:223,2
DA:226,2
DA:235,14
DA:238,2
DA:239,2
DA:241,2
DA:244,2
DA:245,0
DA:255,2
DA:256,1
DA:257,1
DA:258,1
DA:259,1
DA:263,2
DA:264,2
DA:268,2
DA:269,0
DA:270,0
DA:272,2
DA:276,2
DA:277,0
DA:278,0
DA:281,2
DA:285,2
DA:286,2
DA:287,2
DA:289,2
DA:292,2
DA:295,2
DA:298,2
DA:299,2
DA:300,0
DA:309,2
DA:323,0
DA:324,0
DA:332,2
DA:333,0
DA:334,0
DA:341,0
DA:347,0
DA:348,0
DA:355,2
DA:356,1
DA:357,1
DA:359,0
DA:360,0
DA:367,0
DA:368,0
DA:369,0
DA:376,0
DA:381,1
DA:383,1
DA:384,1
DA:390,0
DA:397,2
DA:398,1
DA:399,1
DA:400,1
DA:401,1
DA:402,1
DA:405,1
DA:411,1
DA:416,1
DA:418,1
DA:432,0
DA:433,0
DA:440,2
DA:441,1
DA:442,1
DA:444,1
DA:445,1
DA:451,0
DA:463,0
DA:469,0
DA:470,0
LF:141
LH:52
BRDA:41,0,0,0
BRDA:41,0,1,0
BRDA:41,1,0,0
BRDA:41,1,1,0
BRDA:46,2,0,0
BRDA:46,2,1,0
BRDA:56,3,0,0
BRDA:56,3,1,0
BRDA:56,4,0,0
BRDA:56,4,1,0
BRDA:59,5,0,0
BRDA:59,5,1,0
BRDA:64,6,0,0
BRDA:64,6,1,0
BRDA:73,7,0,0
BRDA:73,7,1,0
BRDA:79,8,0,0
BRDA:79,8,1,0
BRDA:97,9,0,0
BRDA:97,9,1,0
BRDA:99,10,0,0
BRDA:99,10,1,0
BRDA:112,11,0,0
BRDA:112,11,1,0
BRDA:112,12,0,0
BRDA:112,12,1,0
BRDA:127,13,0,0
BRDA:127,13,1,0
BRDA:150,14,0,0
BRDA:150,14,1,0
BRDA:152,15,0,0
BRDA:152,15,1,0
BRDA:153,16,0,0
BRDA:153,16,1,0
BRDA:165,17,0,0
BRDA:165,17,1,0
BRDA:166,18,0,0
BRDA:166,18,1,0
BRDA:176,19,0,0
BRDA:176,19,1,0
BRDA:177,20,0,0
BRDA:177,20,1,0
BRDA:195,21,0,0
BRDA:195,21,1,0
BRDA:204,22,0,0
BRDA:204,22,1,0
BRDA:214,23,0,0
BRDA:214,23,1,0
BRDA:244,24,0,0
BRDA:244,24,1,2
BRDA:255,25,0,1
BRDA:255,25,1,1
BRDA:255,26,0,2
BRDA:255,26,1,1
BRDA:257,27,0,1
BRDA:257,27,1,0
BRDA:258,28,0,1
BRDA:258,28,1,0
BRDA:263,29,0,2
BRDA:263,29,1,0
BRDA:263,30,0,2
BRDA:263,30,1,0
BRDA:268,31,0,0
BRDA:268,31,1,2
BRDA:276,32,0,0
BRDA:276,32,1,2
BRDA:285,33,0,2
BRDA:285,33,1,2
BRDA:286,34,0,2
BRDA:286,34,1,2
BRDA:299,35,0,0
BRDA:299,35,1,2
BRDA:317,36,0,0
BRDA:317,36,1,2
BRDA:318,37,0,0
BRDA:318,37,1,2
BRDA:327,38,0,0
BRDA:327,38,1,0
BRDA:359,39,0,0
BRDA:359,39,1,0
BRDA:367,40,0,0
BRDA:367,40,1,0
BRDA:367,41,0,0
BRDA:367,41,1,0
BRDA:368,42,0,0
BRDA:368,42,1,0
BRDA:383,43,0,1
BRDA:383,43,1,0
BRDA:400,44,0,1
BRDA:400,44,1,1
BRDA:401,45,0,1
BRDA:401,45,1,1
BRDA:426,46,0,0
BRDA:426,46,1,1
BRDA:427,47,0,0
BRDA:427,47,1,1
BRDA:444,48,0,1
BRDA:444,48,1,0
BRF:98
BRH:26
end_of_record
TN:
SF:controllers/transactionController.js
FN:11,(anonymous_0)
FN:13,(anonymous_1)
FN:122,(anonymous_2)
FN:151,(anonymous_3)
FN:152,(anonymous_4)
FN:204,(anonymous_5)
FNF:6
FNH:4
FNDA:0,(anonymous_0)
FNDA:2,(anonymous_1)
FNDA:2,(anonymous_2)
FNDA:2,(anonymous_3)
FNDA:4,(anonymous_4)
FNDA:0,(anonymous_5)
DA:11,1
DA:13,1
DA:14,2
DA:15,2
DA:16,2
DA:17,2
DA:19,2
DA:22,2
DA:23,1
DA:24,1
DA:25,1
DA:30,1
DA:31,1
DA:32,1
DA:36,0
DA:38,0
DA:39,0
DA:43,0
DA:44,0
DA:48,0
DA:49,0
DA:55,0
DA:56,0
DA:57,0
DA:61,0
DA:75,0
DA:76,0
DA:77,0
DA:81,0
DA:82,0
DA:85,0
DA:91,0
DA:92,0
DA:96,0
DA:99,0
DA:100,0
DA:101,0
DA:102,0
DA:103,0
DA:105,0
DA:107,0
DA:109,0
DA:111,0
DA:112,0
DA:113,0
DA:116,0
DA:117,0
DA:122,1
DA:123,2
DA:124,2
DA:126,2
DA:127,0
DA:128,0
DA:131,2
DA:132,2
DA:136,2
DA:139,2
DA:140,2
DA:141,0
DA:142,0
DA:145,2
DA:146,0
DA:147,0
DA:150,2
DA:151,2
DA:152,4
DA:153,2
DA:155,2
DA:156,0
DA:158,0
DA:159,0
DA:160,0
DA:161,0
DA:165,2
DA:166,1
DA:167,1
DA:168,1
DA:169,1
DA:170,1
DA:173,1
DA:174,1
DA:175,1
DA:176,1
DA:177,1
DA:178,1
DA:179,1
DA:182,1
DA:183,1
DA:184,1
DA:185,1
DA:186,1
DA:189,1
DA:190,1
DA:193,0
DA:194,0
DA:195,0
DA:196,0
DA:197,0
DA:199,0
DA:204,1
DA:205,0
DA:206,0
DA:208,0
DA:209,0
DA:210,0
DA:216,0
DA:221,0
DA:222,0
LF:108
LH:50
BRDA:16,0,0,2
BRDA:16,0,1,1
BRDA:16,0,2,1
BRDA:22,1,0,1
BRDA:22,1,1,1
BRDA:24,2,0,1
BRDA:24,2,1,0
BRDA:30,3,0,1
BRDA:30,3,1,0
BRDA:38,4,0,0
BRDA:38,4,1,0
BRDA:43,5,0,0
BRDA:43,5,1,0
BRDA:48,6,0,0
BRDA:48,6,1,0
BRDA:56,7,0,0
BRDA:56,7,1,0
BRDA:71,8,0,0
BRDA:71,8,1,0
BRDA:75,9,0,0
BRDA:75,9,1,0
BRDA:81,10,0,0
BRDA:81,10,1,0
BRDA:81,11,0,0
BRDA:81,11,1,0
BRDA:85,12,0,0
BRDA:85,12,1,0
BRDA:87,13,0,0
BRDA:87,13,1,0
BRDA:91,14,0,0
BRDA:91,14,1,0
BRDA:109,15,0,0
BRDA:109,15,1,0
BRDA:109,15,2,0
BRDA:111,16,0,0
BRDA:111,16,1,0
BRDA:111,17,0,0
BRDA:111,17,1,0
BRDA:111,17,2,0
BRDA:116,18,0,0
BRDA:116,18,1,0
BRDA:126,19,0,0
BRDA:126,19,1,2
BRDA:126,20,0,2
BRDA:126,20,1,2
BRDA:126,20,2,2
BRDA:140,21,0,0
BRDA:140,21,1,2
BRDA:145,22,0,0
BRDA:145,22,1,2
BRDA:150,23,0,2
BRDA:150,23,1,2
BRDA:150,23,2,0
BRDA:150,23,3,0
BRDA:151,24,0,2
BRDA:151,24,1,2
BRDA:152,25,0,2
BRDA:152,25,1,2
BRDA:153,26,0,2
BRDA:153,26,1,0
BRDA:155,27,0,0
BRDA:155,27,1,2
BRDA:165,28,0,1
BRDA:165,28,1,1
BRDA:173,29,0,1
BRDA:173,29,1,0
BRDA:176,30,0,1
BRDA:176,30,1,0
BRDA:183,31,0,1
BRDA:183,31,1,0
BRDA:199,32,0,0
BRDA:199,32,1,0
BRDA:209,33,0,0
BRDA:209,33,1,0
BRDA:221,34,0,0
BRDA:221,34,1,0
BRF:76
BRH:26
end_of_record
TN:
SF:middleware/otpAttemptsMiddleware.js
FN:8,(anonymous_0)
FN:63,(anonymous_1)
FN:76,(anonymous_2)
FNF:3
FNH:3
FNDA:4,(anonymous_0)
FNDA:2,(anonymous_1)
FNDA:1,(anonymous_2)
DA:5,3
DA:6,3
DA:8,3
DA:9,4
DA:10,4
DA:12,4
DA:13,1
DA:19,3
DA:21,3
DA:22,1
DA:26,2
DA:27,1
DA:34,1
DA:35,0
DA:36,0
DA:37,0
DA:41,1
DA:42,1
DA:43,1
DA:45,1
DA:51,0
DA:52,0
DA:54,0
DA:55,0
DA:63,3
DA:64,2
DA:65,2
DA:67,2
DA:68,1
DA:69,1
DA:72,0
DA:76,3
DA:77,1
DA:78,1
DA:80,1
DA:81,1
DA:82,1
DA:83,1
DA:86,0
LF:39
LH:30
BRDA:12,0,0,1
BRDA:12,0,1,3
BRDA:21,1,0,1
BRDA:21,1,1,2
BRDA:26,2,0,1
BRDA:26,2,1,1
BRDA:26,3,0,2
BRDA:26,3,1,1
BRDA:34,4,0,0
BRDA:34,4,1,1
BRDA:34,5,0,1
BRDA:34,5,1,0
BRDA:41,6,0,1
BRDA:41,6,1,0
BRDA:54,7,0,0
BRDA:54,7,1,0
BRDA:67,8,0,1
BRDA:67,8,1,1
BRDA:72,9,0,0
BRDA:72,9,1,0
BRDA:80,10,0,1
BRDA:80,10,1,0
BRDA:86,11,0,0
BRDA:86,11,1,0
BRF:24
BRH:14
end_of_record
TN:
SF:middleware/rateLimit.js
FN:4,rateLimit
FN:5,(anonymous_1)
FNF:2
FNH:0
FNDA:0,rateLimit
FNDA:0,(anonymous_1)
DA:2,0
DA:5,0
DA:6,0
DA:7,0
DA:8,0
DA:11,0
DA:12,0
DA:13,0
DA:16,0
DA:17,0
DA:19,0
DA:20,0
DA:23,0
LF:13
LH:0
BRDA:4,0,0,0
BRDA:4,1,0,0
BRDA:4,2,0,0
BRDA:6,3,0,0
BRDA:6,3,1,0
BRDA:8,4,0,0
BRDA:8,4,1,0
BRDA:11,5,0,0
BRDA:11,5,1,0
BRDA:19,6,0,0
BRDA:19,6,1,0
BRF:11
BRH:0
end_of_record
TN:
SF:middleware/upload.js
FNF:0
FNH:0
DA:4,0
LF:1
LH:0
BRF:0
BRH:0
end_of_record
TN:
SF:middleware/userAuth.js
FN:4,(anonymous_0)
FNF:1
FNH:1
FNDA:2,(anonymous_0)
DA:4,1
DA:5,2
DA:6,2
DA:7,2
DA:8,1
DA:14,1
DA:17,0
DA:18,0
DA:25,0
DA:26,0
DA:27,0
DA:35,0
DA:36,0
DA:37,0
DA:44,0
DA:45,0
DA:46,0
DA:54,0
DA:55,0
DA:57,1
DA:58,1
LF:21
LH:8
BRDA:7,0,0,1
BRDA:7,0,1,1
BRDA:17,1,0,0
BRDA:17,1,1,0
BRDA:25,2,0,0
BRDA:25,2,1,0
BRDA:36,3,0,0
BRDA:36,3,1,0
BRDA:44,4,0,0
BRDA:44,4,1,0
BRDA:60,5,0,1
BRDA:60,5,1,0
BRF:12
BRH:3
end_of_record
TN:
SF:utils/emailService.js
FN:13,sendBrevoEmail
FN:46,accountCreationEmail
FN:57,notification
FN:66,sendVerificationEmail
FN:75,(anonymous_4)
FNF:5
FNH:2
FNDA:1,sendBrevoEmail
FNDA:0,accountCreationEmail
FNDA:0,notification
FNDA:1,sendVerificationEmail
FNDA:0,(anonymous_4)
DA:14,1
DA:15,1
DA:25,1
DA:36,1
DA:38,0
DA:39,0
DA:47,0
DA:58,0
DA:67,1
DA:75,2
DA:76,0
LF:11
LH:6
BRDA:38,0,0,0
BRDA:38,0,1,0
BRDA:60,1,0,0
BRDA:60,1,1,0
BRF:4
BRH:0
end_of_record
TN:
SF:utils/generateToken.js
FN:6,(anonymous_0)
FNF:1
FNH:0
FNDA:0,(anonymous_0)
DA:4,2
DA:6,2
DA:8,0
DA:9,0
DA:12,0
LF:5
LH:2
BRDA:6,0,0,0
BRDA:8,1,0,0
BRDA:8,1,1,0
BRDA:18,2,0,0
BRDA:18,2,1,0
BRF:5
BRH:0
end_of_record
TN:
SF:utils/logger.js
FN:1,(anonymous_0)
FN:8,(anonymous_1)
FN:8,(anonymous_2)
FN:9,(anonymous_3)
FN:9,(anonymous_4)
FN:10,(anonymous_5)
FN:10,(anonymous_6)
FNF:7
FNH:6
FNDA:0,(anonymous_0)
FNDA:3,(anonymous_1)
FNDA:6,(anonymous_2)
FNDA:2,(anonymous_3)
FNDA:4,(anonymous_4)
FNDA:1,(anonymous_5)
FNDA:2,(anonymous_6)
DA:1,6
DA:2,0
DA:3,0
DA:4,0
DA:5,0
DA:8,6
DA:9,6
DA:10,6
LF:8
LH:4
BRDA:2,0,0,0
BRDA:2,0,1,0
BRDA:4,1,0,0
BRDA:4,1,1,0
BRDA:8,2,0,3
BRDA:8,2,1,3
BRDA:9,3,0,2
BRDA:9,3,1,2
BRDA:10,4,0,1
BRDA:10,4,1,1
BRF:10
BRH:6
end_of_record
TN:
SF:utils/mpesa.js
FN:8,(anonymous_0)
FN:23,(anonymous_1)
FN:37,(anonymous_2)
FN:57,(anonymous_3)
FNF:4
FNH:2
FNDA:2,(anonymous_0)
FNDA:1,(anonymous_1)
FNDA:0,(anonymous_2)
FNDA:0,(anonymous_3)
DA:8,2
DA:9,2
DA:10,2
DA:11,2
DA:12,2
DA:13,2
DA:14,2
DA:15,2
DA:16,2
DA:23,2
DA:24,1
DA:26,1
DA:27,1
DA:37,2
DA:38,0
DA:41,0
DA:42,0
DA:46,0
DA:48,0
DA:49,0
DA:57,2
DA:58,0
DA:59,0
DA:60,0
DA:63,0
DA:64,0
DA:68,0
DA:69,0
DA:73,0
DA:80,0
DA:81,0
DA:84,0
DA:99,0
DA:100,0
DA:105,0
DA:107,0
DA:108,0
LF:37
LH:15
BRDA:48,0,0,0
BRDA:48,0,1,0
BRDA:63,1,0,0
BRDA:63,1,1,0
BRDA:63,2,0,0
BRDA:63,2,1,0
BRDA:68,3,0,0
BRDA:68,3,1,0
BRDA:68,4,0,0
BRDA:68,4,1,0
BRDA:68,4,2,0
BRDA:73,5,0,0
BRDA:73,5,1,0
BRDA:75,6,0,0
BRDA:75,6,1,0
BRDA:80,7,0,0
BRDA:80,7,1,0
BRDA:107,8,0,0
BRDA:107,8,1,0
BRF:19
BRH:0
end_of_record
TN:
SF:utils/removeTempFile.js
FN:2,(anonymous_0)
FNF:1
FNH:0
FNDA:0,(anonymous_0)
DA:2,0
DA:3,0
DA:4,0
DA:7,0
LF:4
LH:0
BRF:0
BRH:0
end_of_record
TN:
SF:utils/shipping.js
FN:63,(anonymous_0)
FN:68,(anonymous_1)
FN:81,(anonymous_2)
FNF:3
FNH:0
FNDA:0,(anonymous_0)
FNDA:0,(anonymous_1)
FNDA:0,(anonymous_2)
DA:2,0
DA:63,0
DA:64,0
DA:65,0
DA:68,0
DA:69,0
DA:70,0
DA:71,0
DA:72,0
DA:74,0
DA:75,0
DA:76,0
DA:78,0
DA:81,0
DA:82,0
DA:83,0
DA:84,0
DA:85,0
DA:86,0
DA:88,0
LF:20
LH:0
BRDA:64,0,0,0
BRDA:64,0,1,0
BRDA:69,1,0,0
BRDA:69,1,1,0
BRDA:72,2,0,0
BRDA:72,2,1,0
BRDA:76,3,0,0
BRDA:76,3,1,0
BRDA:76,4,0,0
BRDA:76,4,1,0
BRDA:83,5,0,0
BRDA:83,5,1,0
BRDA:84,6,0,0
BRDA:84,6,1,0
BRDA:86,7,0,0
BRDA:86,7,1,0
BRF:16
BRH:0
end_of_record
TN:
SF:utils/validatePassword.js
FN:1,(anonymous_0)
FNF:1
FNH:1
FNDA:7,(anonymous_0)
DA:1,3
DA:2,7
DA:10,7
LF:3
LH:3
BRF:0
BRH:0
end_of_record
